[ 25%] Built target pid_node
[ 30%] Built target read_IMU
[ 25%] Built target delta_angle_node
[ 40%] Built target read_lidar
[35m[1mScanning dependencies of target fuzzy_longitudinal_controllers[0m
[ 50%] Built target tune_node
[ 60%] Built target straight_line_node
[ 70%] Built target tune_fuzzy_node
[ 75%] [32mBuilding CXX object CMakeFiles/fuzzy_longitudinal_controllers.dir/src/fuzzy_longitudinal_controllers.cpp.o[0m
[ 95%] Built target sinusoidal_node
[ 95%] Built target circumference_node
[01m[K/home/jetson/bbb_jetson_ws/src/bbb_package/src/fuzzy_longitudinal_controllers.cpp:[m[K In member function â€˜[01m[Kvoid FuzzyLongitudinalControllersNode::timer_callback()[m[Kâ€™:
[01m[K/home/jetson/bbb_jetson_ws/src/bbb_package/src/fuzzy_longitudinal_controllers.cpp:74:7:[m[K [01;31m[Kerror: [m[Kâ€˜[01m[KlinearVelovity[m[Kâ€™ was not declared in this scope
   74 |       [01;31m[KlinearVelovity[m[K = 0.0;
      |       [01;31m[K^~~~~~~~~~~~~~[m[K
[01m[K/home/jetson/bbb_jetson_ws/src/bbb_package/src/fuzzy_longitudinal_controllers.cpp:76:7:[m[K [01;31m[Kerror: [m[Kâ€˜[01m[KlinearVelovity[m[Kâ€™ was not declared in this scope
   76 |       [01;31m[KlinearVelovity[m[K = VMAX * (1 - deltaAngle / DELTAMAX);
      |       [01;31m[K^~~~~~~~~~~~~~[m[K
[01m[K/home/jetson/bbb_jetson_ws/src/bbb_package/src/fuzzy_longitudinal_controllers.cpp:81:23:[m[K [01;31m[Kerror: [m[Kâ€˜[01m[KlinearVelovity[m[Kâ€™ was not declared in this scope
   81 |     message.data[1] = [01;31m[KlinearVelovity[m[K;
      |                       [01;31m[K^~~~~~~~~~~~~~[m[K
make[2]: *** [CMakeFiles/fuzzy_longitudinal_controllers.dir/build.make:63: CMakeFiles/fuzzy_longitudinal_controllers.dir/src/fuzzy_longitudinal_controllers.cpp.o] Error 1
make[1]: *** [CMakeFiles/Makefile2:285: CMakeFiles/fuzzy_longitudinal_controllers.dir/all] Error 2
make: *** [Makefile:141: all] Error 2
