[01m[K/home/jetson/bbb_jetson_ws/src/bbb_package/src/delta_angle.cpp:[m[K In constructor â€˜[01m[KFuzzyNodeTest::FuzzyNodeTest()[m[Kâ€™:
[01m[K/home/jetson/bbb_jetson_ws/src/bbb_package/src/delta_angle.cpp:21:36:[m[K [01;31m[Kerror: [m[Kâ€˜[01m[KDataProcessingNode[m[Kâ€™ has not been declared
   21 |       "/angle_IMU", 10, std::bind(&[01;31m[KDataProcessingNode[m[K::angle_IMU_callback, this, std::placeholders::_1));
      |                                    [01;31m[K^~~~~~~~~~~~~~~~~~[m[K
make[2]: *** [CMakeFiles/delta_angle.dir/build.make:63: CMakeFiles/delta_angle.dir/src/delta_angle.cpp.o] Error 1
make[1]: *** [CMakeFiles/Makefile2:116: CMakeFiles/delta_angle.dir/all] Error 2
make: *** [Makefile:141: all] Error 2
