[01m[K/home/jetson/bbb_jetson_ws/src/bbb_package/src/data_processing_node_circle.cpp:174:1:[m[K [01;31m[Kerror: [m[Kexpected â€˜[01m[K}[m[Kâ€™ at end of input
  174 | [01;31m[K}[m[K
      | [01;31m[K^[m[K
[01m[K/home/jetson/bbb_jetson_ws/src/bbb_package/src/data_processing_node_circle.cpp:29:48:[m[K [01;36m[Knote: [m[Kto match this â€˜[01m[K{[m[Kâ€™
   29 | class DataProcessingNode : public rclcpp::Node [01;36m[K{[m[K
      |                                                [01;36m[K^[m[K
[01m[K/home/jetson/bbb_jetson_ws/src/bbb_package/src/data_processing_node_circle.cpp:[m[K In constructor â€˜[01m[KDataProcessingNode::DataProcessingNode()[m[Kâ€™:
[01m[K/home/jetson/bbb_jetson_ws/src/bbb_package/src/data_processing_node_circle.cpp:34:5:[m[K [01;31m[Kerror: [m[Kâ€˜[01m[KsetupSubscribersAndPublishers[m[Kâ€™ was not declared in this scope
   34 |     [01;31m[KsetupSubscribersAndPublishers[m[K();
      |     [01;31m[K^~~~~~~~~~~~~~~~~~~~~~~~~~~~~[m[K
[01m[K/home/jetson/bbb_jetson_ws/src/bbb_package/src/data_processing_node_circle.cpp:35:5:[m[K [01;31m[Kerror: [m[Kâ€˜[01m[KsetupTimer[m[Kâ€™ was not declared in this scope; did you mean â€˜[01m[Ksetitimer[m[Kâ€™?
   35 |     [01;31m[KsetupTimer[m[K();
      |     [01;31m[K^~~~~~~~~~[m[K
      |     [32m[Ksetitimer[m[K
[01m[K/home/jetson/bbb_jetson_ws/src/bbb_package/src/data_processing_node_circle.cpp:[m[K In member function â€˜[01m[Kvoid DataProcessingNode::initializeArrays()[m[Kâ€™:
[01m[K/home/jetson/bbb_jetson_ws/src/bbb_package/src/data_processing_node_circle.cpp:67:40:[m[K [01;31m[Kerror: [m[Ka function-definition is not allowed here before â€˜[01m[K{[m[Kâ€™ token
   67 |   void setupSubscribersAndPublishers() [01;31m[K{[m[K
      |                                        [01;31m[K^[m[K
[01m[K/home/jetson/bbb_jetson_ws/src/bbb_package/src/data_processing_node_circle.cpp:78:21:[m[K [01;31m[Kerror: [m[Ka function-definition is not allowed here before â€˜[01m[K{[m[Kâ€™ token
   78 |   void setupTimer() [01;31m[K{[m[K
      |                     [01;31m[K^[m[K
[01m[K/home/jetson/bbb_jetson_ws/src/bbb_package/src/data_processing_node_circle.cpp:82:25:[m[K [01;31m[Kerror: [m[Ka function-definition is not allowed here before â€˜[01m[K{[m[Kâ€™ token
   82 |   void timer_callback() [01;31m[K{[m[K
      |                         [01;31m[K^[m[K
[01m[K/home/jetson/bbb_jetson_ws/src/bbb_package/src/data_processing_node_circle.cpp:119:82:[m[K [01;31m[Kerror: [m[Ka function-definition is not allowed here before â€˜[01m[K{[m[Kâ€™ token
  119 |   void angle_IMU_callback(const std_msgs::msg::Float64MultiArray::SharedPtr msg) [01;31m[K{[m[K
      |                                                                                  [01;31m[K^[m[K
[01m[K/home/jetson/bbb_jetson_ws/src/bbb_package/src/data_processing_node_circle.cpp:127:66:[m[K [01;31m[Kerror: [m[Ka function-definition is not allowed here before â€˜[01m[K{[m[Kâ€™ token
  127 |  void tf_callback(const tf2_msgs::msg::TFMessage::SharedPtr msg) [01;31m[K{[m[K
      |                                                                  [01;31m[K^[m[K
[01m[K/home/jetson/bbb_jetson_ws/src/bbb_package/src/data_processing_node_circle.cpp:[m[K At global scope:
[01m[K/home/jetson/bbb_jetson_ws/src/bbb_package/src/data_processing_node_circle.cpp:174:1:[m[K [01;31m[Kerror: [m[Kexpected unqualified-id at end of input
  174 | [01;31m[K}[m[K
      | [01;31m[K^[m[K
make[2]: *** [CMakeFiles/data_processing_node_circle.dir/build.make:63: CMakeFiles/data_processing_node_circle.dir/src/data_processing_node_circle.cpp.o] Error 1
make[1]: *** [CMakeFiles/Makefile2:141: CMakeFiles/data_processing_node_circle.dir/all] Error 2
make: *** [Makefile:141: all] Error 2
