[01m[K/home/jetson/bbb_jetson_ws/src/bbb_package/src/lidar_tune.cpp:[m[K In member function â€˜[01m[Kvoid DataProcessingNode::tf_callback(tf2_msgs::msg::TFMessage_<std::allocator<void> >::SharedPtr)[m[Kâ€™:
[01m[K/home/jetson/bbb_jetson_ws/src/bbb_package/src/lidar_tune.cpp:35:10:[m[K [01;31m[Kerror: [m[Kâ€˜[01m[Kmessage2[m[Kâ€™ was not declared in this scope
   35 |          [01;31m[Kmessage2[m[K.data.resize(2);
      |          [01;31m[K^~~~~~~~[m[K
make[2]: *** [CMakeFiles/lidar_tune.dir/build.make:63: CMakeFiles/lidar_tune.dir/src/lidar_tune.cpp.o] Error 1
make[1]: *** [CMakeFiles/Makefile2:517: CMakeFiles/lidar_tune.dir/all] Error 2
make: *** [Makefile:141: all] Error 2
