-- Found ament_cmake: 0.9.12 (/opt/ros/foxy/share/ament_cmake/cmake)
-- Using PYTHON_EXECUTABLE: /usr/bin/python3
-- Found rclcpp: 2.4.3 (/opt/ros/foxy/share/rclcpp/cmake)
-- Using all available rosidl_typesupport_c: rosidl_typesupport_fastrtps_c;rosidl_typesupport_introspection_c
-- Found rosidl_adapter: 1.3.1 (/opt/ros/foxy/share/rosidl_adapter/cmake)
-- Using all available rosidl_typesupport_cpp: rosidl_typesupport_fastrtps_cpp;rosidl_typesupport_introspection_cpp
-- Found rmw_implementation_cmake: 1.0.4 (/opt/ros/foxy/share/rmw_implementation_cmake/cmake)
-- Using RMW implementation 'rmw_fastrtps_cpp' as default
-- Found geometry_msgs: 2.0.5 (/opt/ros/foxy/share/geometry_msgs/cmake)
-- Found serial: 1.2.1 (/home/jetson/bbb_jetson_ws/install/serial/share/serial/cmake)
-- Found tf2_msgs: 0.13.14 (/opt/ros/foxy/share/tf2_msgs/cmake)
-- Found ament_lint_auto: 0.9.8 (/opt/ros/foxy/share/ament_lint_auto/cmake)
-- Added test 'cppcheck' to perform static code analysis on C / C++ code
-- Configured cppcheck include dirs: 
-- Configured cppcheck exclude dirs and/or files: 
-- Added test 'flake8' to check Python code syntax and style conventions
-- Added test 'lint_cmake' to check CMake code style
-- Added test 'pep257' to check Python code against some of the style conventions in PEP 257
-- Added test 'uncrustify' to check C / C++ code style
-- Configured uncrustify additional arguments: 
-- Added test 'xmllint' to check XML markup files
-- Configuring done
-- Generating done
-- Build files have been written to: /home/jetson/bbb_jetson_ws/build/bbb_package
[  5%] Built target data_processing_node_trap
[ 11%] Built target data_processing_node_circle
[ 16%] Built target data_processing_node_straight
[ 22%] Built target data_processing_node_zz
[ 27%] Built target read_IMU
[ 33%] Built target controllers_node
[ 38%] Built target data_processing_node
[ 44%] Built target read_lidar
[ 50%] Built target delta_angle_node
[ 55%] Built target tune_node
[ 61%] Built target pid_node
[ 66%] Built target tune_fuzzy_node
[35m[1mScanning dependencies of target lidar_tune[0m
[ 72%] Built target fuzzy_longitudinal_controllers
[ 77%] Built target straight_line_node
[ 83%] Built target circumference_node
[ 88%] Built target sinusoidal_node
[ 94%] Built target stanley_node
[ 97%] [32mBuilding CXX object CMakeFiles/lidar_tune.dir/src/lidar_tune.cpp.o[0m
[01m[K/home/jetson/bbb_jetson_ws/src/bbb_package/src/lidar_tune.cpp:[m[K In member function â€˜[01m[Kvoid DataProcessingNode::tf_callback(tf2_msgs::msg::TFMessage_<std::allocator<void> >::SharedPtr)[m[Kâ€™:
[01m[K/home/jetson/bbb_jetson_ws/src/bbb_package/src/lidar_tune.cpp:35:10:[m[K [01;31m[Kerror: [m[Kâ€˜[01m[Kmessage2[m[Kâ€™ was not declared in this scope
   35 |          [01;31m[Kmessage2[m[K.data.resize(2);
      |          [01;31m[K^~~~~~~~[m[K
make[2]: *** [CMakeFiles/lidar_tune.dir/build.make:63: CMakeFiles/lidar_tune.dir/src/lidar_tune.cpp.o] Error 1
make[1]: *** [CMakeFiles/Makefile2:517: CMakeFiles/lidar_tune.dir/all] Error 2
make: *** [Makefile:141: all] Error 2
