[0.057s] Invoking command in '/home/jetson/bbb_jetson_ws/build/bbb_package': CMAKE_PREFIX_PATH=/home/jetson/bbb_jetson_ws/install/serial:/home/jetson/bbb_jetson_ws/install/tune_package:/home/jetson/bbb_jetson_ws/install/ros2_laser_scan_matcher:/home/jetson/bbb_jetson_ws/install/diffdrive_arduino:/home/jetson/bbb_jetson_ws/install/bbb_package:/home/jetson/bbb_jetson_ws/install/micro_ros_setup:/home/jetson/bbb_jetson_ws/install/csm:/home/jetson/bbb_jetson_ws/install/bbb_robot:/opt/ros/foxy /usr/bin/cmake --build /home/jetson/bbb_jetson_ws/build/bbb_package -- -j4 -l4
[0.194s] -- Found ament_cmake: 0.9.12 (/opt/ros/foxy/share/ament_cmake/cmake)
[0.281s] -- Using PYTHON_EXECUTABLE: /usr/bin/python3
[0.991s] -- Found rclcpp: 2.4.3 (/opt/ros/foxy/share/rclcpp/cmake)
[1.146s] -- Using all available rosidl_typesupport_c: rosidl_typesupport_fastrtps_c;rosidl_typesupport_introspection_c
[1.161s] -- Found rosidl_adapter: 1.3.1 (/opt/ros/foxy/share/rosidl_adapter/cmake)
[1.631s] -- Using all available rosidl_typesupport_cpp: rosidl_typesupport_fastrtps_cpp;rosidl_typesupport_introspection_cpp
[1.829s] -- Found rmw_implementation_cmake: 1.0.4 (/opt/ros/foxy/share/rmw_implementation_cmake/cmake)
[1.838s] -- Using RMW implementation 'rmw_fastrtps_cpp' as default
[2.383s] -- Found geometry_msgs: 2.0.5 (/opt/ros/foxy/share/geometry_msgs/cmake)
[2.507s] -- Found serial: 1.2.1 (/home/jetson/bbb_jetson_ws/install/serial/share/serial/cmake)
[2.514s] -- Found tf2_msgs: 0.13.14 (/opt/ros/foxy/share/tf2_msgs/cmake)
[3.247s] -- Found ament_lint_auto: 0.9.8 (/opt/ros/foxy/share/ament_lint_auto/cmake)
[3.499s] -- Added test 'cppcheck' to perform static code analysis on C / C++ code
[3.501s] -- Configured cppcheck include dirs: 
[3.502s] -- Configured cppcheck exclude dirs and/or files: 
[3.504s] -- Added test 'flake8' to check Python code syntax and style conventions
[3.506s] -- Added test 'lint_cmake' to check CMake code style
[3.508s] -- Added test 'pep257' to check Python code against some of the style conventions in PEP 257
[3.514s] -- Added test 'uncrustify' to check C / C++ code style
[3.514s] -- Configured uncrustify additional arguments: 
[3.516s] -- Added test 'xmllint' to check XML markup files
[3.528s] -- Configuring done
[3.816s] -- Generating done
[3.827s] -- Build files have been written to: /home/jetson/bbb_jetson_ws/build/bbb_package
[4.032s] [  5%] Built target data_processing_node_trap
[4.041s] [ 11%] Built target data_processing_node_circle
[4.045s] [ 16%] Built target data_processing_node_straight
[4.083s] [ 22%] Built target data_processing_node_zz
[4.202s] [ 27%] Built target read_IMU
[4.216s] [ 33%] Built target controllers_node
[4.259s] [ 38%] Built target data_processing_node
[4.291s] [ 44%] Built target read_lidar
[4.393s] [ 50%] Built target delta_angle_node
[4.395s] [ 55%] Built target tune_node
[4.408s] [ 61%] Built target pid_node
[4.424s] [ 66%] Built target tune_fuzzy_node
[4.467s] [35m[1mScanning dependencies of target lidar_tune[0m
[4.554s] [ 72%] Built target fuzzy_longitudinal_controllers
[4.559s] [ 77%] Built target straight_line_node
[4.577s] [ 83%] Built target circumference_node
[4.684s] [ 88%] Built target sinusoidal_node
[4.706s] [ 94%] Built target stanley_node
[4.836s] [ 97%] [32mBuilding CXX object CMakeFiles/lidar_tune.dir/src/lidar_tune.cpp.o[0m
[9.881s] [01m[K/home/jetson/bbb_jetson_ws/src/bbb_package/src/lidar_tune.cpp:[m[K In member function â€˜[01m[Kvoid DataProcessingNode::tf_callback(tf2_msgs::msg::TFMessage_<std::allocator<void> >::SharedPtr)[m[Kâ€™:
[9.882s] [01m[K/home/jetson/bbb_jetson_ws/src/bbb_package/src/lidar_tune.cpp:35:10:[m[K [01;31m[Kerror: [m[Kâ€˜[01m[Kmessage2[m[Kâ€™ was not declared in this scope
[9.882s]    35 |          [01;31m[Kmessage2[m[K.data.resize(2);
[9.883s]       |          [01;31m[K^~~~~~~~[m[K
[15.448s] make[2]: *** [CMakeFiles/lidar_tune.dir/build.make:63: CMakeFiles/lidar_tune.dir/src/lidar_tune.cpp.o] Error 1
[15.448s] make[1]: *** [CMakeFiles/Makefile2:517: CMakeFiles/lidar_tune.dir/all] Error 2
[15.449s] make: *** [Makefile:141: all] Error 2
[15.454s] Invoked command in '/home/jetson/bbb_jetson_ws/build/bbb_package' returned '2': CMAKE_PREFIX_PATH=/home/jetson/bbb_jetson_ws/install/serial:/home/jetson/bbb_jetson_ws/install/tune_package:/home/jetson/bbb_jetson_ws/install/ros2_laser_scan_matcher:/home/jetson/bbb_jetson_ws/install/diffdrive_arduino:/home/jetson/bbb_jetson_ws/install/bbb_package:/home/jetson/bbb_jetson_ws/install/micro_ros_setup:/home/jetson/bbb_jetson_ws/install/csm:/home/jetson/bbb_jetson_ws/install/bbb_robot:/opt/ros/foxy /usr/bin/cmake --build /home/jetson/bbb_jetson_ws/build/bbb_package -- -j4 -l4
