[01m[K/home/jetson/bbb_jetson_ws/src/bbb_package/src/data_processing_node_straight.cpp:[m[K In member function â€˜[01m[Kvoid DataProcessingNode::tf_callback(tf2_msgs::msg::TFMessage_<std::allocator<void> >::SharedPtr)[m[Kâ€™:
[01m[K/home/jetson/bbb_jetson_ws/src/bbb_package/src/data_processing_node_straight.cpp:131:54:[m[K [01;31m[Kerror: [m[Kâ€˜[01m[Ks[m[Kâ€™ was not declared in this scope
  131 |  =  actual_position[0];[01;31m[Ks[m[K
      |                        [01;31m[K^[m[K

make[2]: *** [CMakeFiles/data_processing_node_straight.dir/build.make:63: CMakeFiles/data_processing_node_straight.dir/src/data_processing_node_straight.cpp.o] Error 1
make[1]: *** [CMakeFiles/Makefile2:104: CMakeFiles/data_processing_node_straight.dir/all] Error 2
make[1]: *** Waiting for unfinished jobs....
make: *** [Makefile:141: all] Error 2
