[35m[1mScanning dependencies of target data_processing_node_straight[0m
[  3%] [32mBuilding CXX object CMakeFiles/data_processing_node_straight.dir/src/data_processing_node_straight.cpp.o[0m
[ 10%] Built target data_processing_node
[ 17%] Built target read_IMU
[ 25%] Built target controllers_node
[ 32%] Built target pid_node
[ 39%] Built target read_lidar
[ 46%] Built target delta_angle_node
[35m[1mScanning dependencies of target tune_node[0m
[ 53%] Built target fuzzy_longitudinal_controllers
[ 60%] Built target tune_fuzzy_node
[ 64%] [32mBuilding CXX object CMakeFiles/tune_node.dir/src/tune_node.cpp.o[0m
[ 71%] Built target straight_line_node
[ 78%] Built target circumference_node
[ 85%] Built target sinusoidal_node
[ 92%] Built target stanley_node
[01m[K/home/jetson/bbb_jetson_ws/src/bbb_package/src/data_processing_node_straight.cpp:[m[K In member function â€˜[01m[Kvoid DataProcessingNode::tf_callback(tf2_msgs::msg::TFMessage_<std::allocator<void> >::SharedPtr)[m[Kâ€™:
[01m[K/home/jetson/bbb_jetson_ws/src/bbb_package/src/data_processing_node_straight.cpp:131:54:[m[K [01;31m[Kerror: [m[Kâ€˜[01m[Ks[m[Kâ€™ was not declared in this scope
  131 |  =  actual_position[0];[01;31m[Ks[m[K
      |                        [01;31m[K^[m[K

make[2]: *** [CMakeFiles/data_processing_node_straight.dir/build.make:63: CMakeFiles/data_processing_node_straight.dir/src/data_processing_node_straight.cpp.o] Error 1
make[1]: *** [CMakeFiles/Makefile2:104: CMakeFiles/data_processing_node_straight.dir/all] Error 2
make[1]: *** Waiting for unfinished jobs....
[ 96%] [32m[1mLinking CXX executable tune_node[0m
[ 96%] Built target tune_node
make: *** [Makefile:141: all] Error 2
