[0.642s] Invoking command in '/home/jetson/bbb_jetson_ws/build/bbb_package': CMAKE_PREFIX_PATH=/home/jetson/bbb_jetson_ws/install/serial:/home/jetson/bbb_jetson_ws/install/ros2_laser_scan_matcher:/home/jetson/bbb_jetson_ws/install/diffdrive_arduino:/home/jetson/bbb_jetson_ws/install/bbb_package:/home/jetson/bbb_jetson_ws/install/micro_ros_setup:/home/jetson/bbb_jetson_ws/install/csm:/home/jetson/bbb_jetson_ws/install/bbb_robot:/opt/ros/foxy /usr/bin/cmake --build /home/jetson/bbb_jetson_ws/build/bbb_package -- -j4 -l4
[0.944s] [  9%] Built target read_lidar
[0.948s] [ 18%] Built target read_pico
[0.969s] [ 27%] Built target read_IMU
[0.979s] [ 36%] Built target read_host
[1.018s] [35m[1mScanning dependencies of target tune_node[0m
[1.259s] [ 45%] Built target pid_node
[1.279s] [ 50%] [32mBuilding CXX object CMakeFiles/tune_node.dir/src/tune_node.cpp.o[0m
[1.285s] [ 59%] Built target straight_line_node
[1.340s] [ 68%] Built target fuzzy_node_test
[1.508s] [ 77%] Built target fuzzy_node
[1.510s] [ 86%] Built target sinusoidal_node
[1.545s] [ 95%] Built target circumference_node
[5.910s] [01m[K/home/jetson/bbb_jetson_ws/src/bbb_package/src/tune_node.cpp:[m[K In constructor â€˜[01m[KTuneNode::TuneNode()[m[Kâ€™:
[5.911s] [01m[K/home/jetson/bbb_jetson_ws/src/bbb_package/src/tune_node.cpp:20:9:[m[K [01;31m[Kerror: [m[Kâ€˜[01m[Klog_file_pwm_[m[Kâ€™ was not declared in this scope; did you mean â€˜[01m[Klog_file_[m[Kâ€™?
[5.912s]    20 |         [01;31m[Klog_file_pwm_[m[K.open("data_pwm.txt", std::ofstream::out | std::ofstream::app);
[5.912s]       |         [01;31m[K^~~~~~~~~~~~~[m[K
[5.913s]       |         [32m[Klog_file_[m[K
[5.935s] [01m[K/home/jetson/bbb_jetson_ws/src/bbb_package/src/tune_node.cpp:[m[K In member function â€˜[01m[Kvoid TuneNode::pwm_callback(std_msgs::msg::Float64MultiArray_<std::allocator<void> >::SharedPtr)[m[Kâ€™:
[5.937s] [01m[K/home/jetson/bbb_jetson_ws/src/bbb_package/src/tune_node.cpp:38:17:[m[K [01;31m[Kerror: [m[Kâ€˜[01m[Klog_file_pwm_[m[Kâ€™ was not declared in this scope; did you mean â€˜[01m[Klog_file_[m[Kâ€™?
[5.938s]    38 |                 [01;31m[Klog_file_pwm_[m[K << data << " ";
[5.939s]       |                 [01;31m[K^~~~~~~~~~~~~[m[K
[5.940s]       |                 [32m[Klog_file_[m[K
[5.943s] [01m[K/home/jetson/bbb_jetson_ws/src/bbb_package/src/tune_node.cpp:40:13:[m[K [01;31m[Kerror: [m[Kâ€˜[01m[Klog_file_pwm_[m[Kâ€™ was not declared in this scope; did you mean â€˜[01m[Klog_file_[m[Kâ€™?
[5.944s]    40 |             [01;31m[Klog_file_pwm_[m[K << std::endl;
[5.945s]       |             [01;31m[K^~~~~~~~~~~~~[m[K
[5.945s]       |             [32m[Klog_file_[m[K
[10.882s] make[2]: *** [CMakeFiles/tune_node.dir/build.make:63: CMakeFiles/tune_node.dir/src/tune_node.cpp.o] Error 1
[10.883s] make[1]: *** [CMakeFiles/Makefile2:260: CMakeFiles/tune_node.dir/all] Error 2
[10.883s] make: *** [Makefile:141: all] Error 2
[10.888s] Invoked command in '/home/jetson/bbb_jetson_ws/build/bbb_package' returned '2': CMAKE_PREFIX_PATH=/home/jetson/bbb_jetson_ws/install/serial:/home/jetson/bbb_jetson_ws/install/ros2_laser_scan_matcher:/home/jetson/bbb_jetson_ws/install/diffdrive_arduino:/home/jetson/bbb_jetson_ws/install/bbb_package:/home/jetson/bbb_jetson_ws/install/micro_ros_setup:/home/jetson/bbb_jetson_ws/install/csm:/home/jetson/bbb_jetson_ws/install/bbb_robot:/opt/ros/foxy /usr/bin/cmake --build /home/jetson/bbb_jetson_ws/build/bbb_package -- -j4 -l4
