[01m[K/home/jetson/bbb_jetson_ws/src/bbb_package/src/read_IMU.cpp:[m[K In constructor â€˜[01m[KSerialNode::SerialNode()[m[Kâ€™:
[01m[K/home/jetson/bbb_jetson_ws/src/bbb_package/src/read_IMU.cpp:31:21:[m[K [01;35m[Kwarning: [m[Kunused variable â€˜[01m[Kcounter[m[Kâ€™ [[01;35m[K-Wunused-variable[m[K]
   31 |                 int [01;35m[Kcounter[m[K = 0;
      |                     [01;35m[K^~~~~~~[m[K
[01m[K/home/jetson/bbb_jetson_ws/src/bbb_package/src/read_IMU.cpp:[m[K In member function â€˜[01m[Kvoid SerialNode::timer_callback()[m[Kâ€™:
[01m[K/home/jetson/bbb_jetson_ws/src/bbb_package/src/read_IMU.cpp:98:13:[m[K [01;31m[Kerror: [m[Kâ€˜[01m[Kcounter[m[Kâ€™ was not declared in this scope
   98 |             [01;31m[Kcounter[m[K ++;
      |             [01;31m[K^~~~~~~[m[K
[01m[K/home/jetson/bbb_jetson_ws/src/bbb_package/src/read_IMU.cpp:105:42:[m[K [01;31m[Kerror: [m[Kâ€˜[01m[Kcurrent_yaw[m[Kâ€™ was not declared in this scope
  105 |                 transformation(init_yaw, [01;31m[Kcurrent_yaw[m[K,&yaw);
      |                                          [01;31m[K^~~~~~~~~~~[m[K
make[2]: *** [CMakeFiles/read_IMU.dir/build.make:63: CMakeFiles/read_IMU.dir/src/read_IMU.cpp.o] Error 1
make[1]: *** [CMakeFiles/Makefile2:96: CMakeFiles/read_IMU.dir/all] Error 2
make: *** [Makefile:141: all] Error 2
