[1.042s] Invoking command in '/home/jetson/bbb_jetson_ws/build/bbb_package': CMAKE_PREFIX_PATH=/home/jetson/bbb_jetson_ws/install/serial:/home/jetson/bbb_jetson_ws/install/ros2_laser_scan_matcher:/home/jetson/bbb_jetson_ws/install/diffdrive_arduino:/home/jetson/bbb_jetson_ws/install/bbb_package:/home/jetson/bbb_jetson_ws/install/micro_ros_setup:/home/jetson/bbb_jetson_ws/install/csm:/home/jetson/bbb_jetson_ws/install/bbb_robot:/opt/ros/foxy /usr/bin/cmake --build /home/jetson/bbb_jetson_ws/build/bbb_package -- -j4 -l4
[1.232s] -- Found ament_cmake: 0.9.12 (/opt/ros/foxy/share/ament_cmake/cmake)
[1.343s] -- Using PYTHON_EXECUTABLE: /usr/bin/python3
[2.388s] -- Override CMake install command with custom implementation using symlinks instead of copying resources
[2.453s] -- Found rclcpp: 2.4.3 (/opt/ros/foxy/share/rclcpp/cmake)
[2.617s] -- Using all available rosidl_typesupport_c: rosidl_typesupport_fastrtps_c;rosidl_typesupport_introspection_c
[2.643s] -- Found rosidl_adapter: 1.3.1 (/opt/ros/foxy/share/rosidl_adapter/cmake)
[3.220s] -- Using all available rosidl_typesupport_cpp: rosidl_typesupport_fastrtps_cpp;rosidl_typesupport_introspection_cpp
[3.460s] -- Found rmw_implementation_cmake: 1.0.4 (/opt/ros/foxy/share/rmw_implementation_cmake/cmake)
[3.474s] -- Using RMW implementation 'rmw_fastrtps_cpp' as default
[4.216s] -- Found geometry_msgs: 2.0.5 (/opt/ros/foxy/share/geometry_msgs/cmake)
[4.437s] -- Found serial: 1.2.1 (/home/jetson/bbb_jetson_ws/install/serial/share/serial/cmake)
[4.451s] -- Found tf2_msgs: 0.13.14 (/opt/ros/foxy/share/tf2_msgs/cmake)
[5.548s] -- Found ament_lint_auto: 0.9.8 (/opt/ros/foxy/share/ament_lint_auto/cmake)
[5.932s] -- Added test 'cppcheck' to perform static code analysis on C / C++ code
[5.936s] -- Configured cppcheck include dirs: 
[5.937s] -- Configured cppcheck exclude dirs and/or files: 
[5.943s] -- Added test 'flake8' to check Python code syntax and style conventions
[5.949s] -- Added test 'lint_cmake' to check CMake code style
[5.955s] -- Added test 'pep257' to check Python code against some of the style conventions in PEP 257
[5.972s] -- Added test 'uncrustify' to check C / C++ code style
[5.973s] -- Configured uncrustify additional arguments: 
[5.978s] -- Added test 'xmllint' to check XML markup files
[6.023s] -- Configuring done
[6.485s] -- Generating done
[6.520s] -- Build files have been written to: /home/jetson/bbb_jetson_ws/build/bbb_package
[6.810s] [35m[1mScanning dependencies of target read_IMU[0m
[7.424s] [ 10%] Built target read_lidar
[7.448s] [ 20%] Built target pid_node
[7.502s] [ 30%] Built target delta_angle_node
[7.515s] [ 35%] [32mBuilding CXX object CMakeFiles/read_IMU.dir/src/read_IMU.cpp.o[0m
[8.324s] [ 45%] Built target tune_node
[8.374s] [ 65%] Built target tune_fuzzy_node
[8.384s] [ 65%] Built target fuzzy_longitudinal_controllers
[8.841s] [ 75%] Built target straight_line_node
[8.899s] [ 85%] Built target circumference_node
[9.038s] [ 95%] Built target sinusoidal_node
[15.071s] [01m[K/home/jetson/bbb_jetson_ws/src/bbb_package/src/read_IMU.cpp:[m[K In constructor â€˜[01m[KSerialNode::SerialNode()[m[Kâ€™:
[15.072s] [01m[K/home/jetson/bbb_jetson_ws/src/bbb_package/src/read_IMU.cpp:31:21:[m[K [01;35m[Kwarning: [m[Kunused variable â€˜[01m[Kcounter[m[Kâ€™ [[01;35m[K-Wunused-variable[m[K]
[15.073s]    31 |                 int [01;35m[Kcounter[m[K = 0;
[15.098s]       |                     [01;35m[K^~~~~~~[m[K
[15.117s] [01m[K/home/jetson/bbb_jetson_ws/src/bbb_package/src/read_IMU.cpp:[m[K In member function â€˜[01m[Kvoid SerialNode::timer_callback()[m[Kâ€™:
[15.118s] [01m[K/home/jetson/bbb_jetson_ws/src/bbb_package/src/read_IMU.cpp:98:13:[m[K [01;31m[Kerror: [m[Kâ€˜[01m[Kcounter[m[Kâ€™ was not declared in this scope
[15.119s]    98 |             [01;31m[Kcounter[m[K ++;
[15.120s]       |             [01;31m[K^~~~~~~[m[K
[15.143s] [01m[K/home/jetson/bbb_jetson_ws/src/bbb_package/src/read_IMU.cpp:105:42:[m[K [01;31m[Kerror: [m[Kâ€˜[01m[Kcurrent_yaw[m[Kâ€™ was not declared in this scope
[15.145s]   105 |                 transformation(init_yaw, [01;31m[Kcurrent_yaw[m[K,&yaw);
[15.146s]       |                                          [01;31m[K^~~~~~~~~~~[m[K
[19.351s] make[2]: *** [CMakeFiles/read_IMU.dir/build.make:63: CMakeFiles/read_IMU.dir/src/read_IMU.cpp.o] Error 1
[19.354s] make[1]: *** [CMakeFiles/Makefile2:96: CMakeFiles/read_IMU.dir/all] Error 2
[19.355s] make: *** [Makefile:141: all] Error 2
[19.383s] Invoked command in '/home/jetson/bbb_jetson_ws/build/bbb_package' returned '2': CMAKE_PREFIX_PATH=/home/jetson/bbb_jetson_ws/install/serial:/home/jetson/bbb_jetson_ws/install/ros2_laser_scan_matcher:/home/jetson/bbb_jetson_ws/install/diffdrive_arduino:/home/jetson/bbb_jetson_ws/install/bbb_package:/home/jetson/bbb_jetson_ws/install/micro_ros_setup:/home/jetson/bbb_jetson_ws/install/csm:/home/jetson/bbb_jetson_ws/install/bbb_robot:/opt/ros/foxy /usr/bin/cmake --build /home/jetson/bbb_jetson_ws/build/bbb_package -- -j4 -l4
