[0.178s] Invoking command in '/home/jetson/bbb_jetson_ws/build/bbb_package': CMAKE_PREFIX_PATH=/home/jetson/bbb_jetson_ws/install/serial:/home/jetson/bbb_jetson_ws/install/tune_package:/home/jetson/bbb_jetson_ws/install/ros2_laser_scan_matcher:/home/jetson/bbb_jetson_ws/install/diffdrive_arduino:/home/jetson/bbb_jetson_ws/install/bbb_package:/home/jetson/bbb_jetson_ws/install/micro_ros_setup:/home/jetson/bbb_jetson_ws/install/csm:/home/jetson/bbb_jetson_ws/install/bbb_robot:/opt/ros/foxy /usr/bin/cmake --build /home/jetson/bbb_jetson_ws/build/bbb_package -- -j4 -l4
[1.577s] [  5%] Built target data_processing_node_circle
[1.930s] make[1]: *** [CMakeFiles/Makefile2:191: CMakeFiles/data_processing_node_straight.dir/all] Interrupt
[1.936s] make[1]: *** [CMakeFiles/Makefile2:111: CMakeFiles/data_processing_node_trap.dir/all] Interrupt
[1.955s] make[2]: *** [CMakeFiles/data_processing_node_zz.dir/build.make:163: CMakeFiles/data_processing_node_zz.dir/depend] Interrupt
[1.966s] make[1]: *** [CMakeFiles/Makefile2:163: CMakeFiles/data_processing_node_zz.dir/all] Interrupt
[1.968s] make: *** [Makefile:141: all] Interrupt
[1.999s] Invoked command in '/home/jetson/bbb_jetson_ws/build/bbb_package' returned '-2': CMAKE_PREFIX_PATH=/home/jetson/bbb_jetson_ws/install/serial:/home/jetson/bbb_jetson_ws/install/tune_package:/home/jetson/bbb_jetson_ws/install/ros2_laser_scan_matcher:/home/jetson/bbb_jetson_ws/install/diffdrive_arduino:/home/jetson/bbb_jetson_ws/install/bbb_package:/home/jetson/bbb_jetson_ws/install/micro_ros_setup:/home/jetson/bbb_jetson_ws/install/csm:/home/jetson/bbb_jetson_ws/install/bbb_robot:/opt/ros/foxy /usr/bin/cmake --build /home/jetson/bbb_jetson_ws/build/bbb_package -- -j4 -l4
