-- Found ament_cmake: 0.9.12 (/opt/ros/foxy/share/ament_cmake/cmake)
-- Using PYTHON_EXECUTABLE: /usr/bin/python3
-- Found rclcpp: 2.4.3 (/opt/ros/foxy/share/rclcpp/cmake)
-- Using all available rosidl_typesupport_c: rosidl_typesupport_fastrtps_c;rosidl_typesupport_introspection_c
-- Found rosidl_adapter: 1.3.1 (/opt/ros/foxy/share/rosidl_adapter/cmake)
-- Using all available rosidl_typesupport_cpp: rosidl_typesupport_fastrtps_cpp;rosidl_typesupport_introspection_cpp
-- Found rmw_implementation_cmake: 1.0.4 (/opt/ros/foxy/share/rmw_implementation_cmake/cmake)
-- Using RMW implementation 'rmw_fastrtps_cpp' as default
-- Found geometry_msgs: 2.0.5 (/opt/ros/foxy/share/geometry_msgs/cmake)
-- Found serial: 1.2.1 (/home/jetson/bbb_jetson_ws/install/serial/share/serial/cmake)
-- Found tf2_msgs: 0.13.14 (/opt/ros/foxy/share/tf2_msgs/cmake)
-- Found ament_lint_auto: 0.9.8 (/opt/ros/foxy/share/ament_lint_auto/cmake)
-- Added test 'cppcheck' to perform static code analysis on C / C++ code
-- Configured cppcheck include dirs: 
-- Configured cppcheck exclude dirs and/or files: 
-- Added test 'flake8' to check Python code syntax and style conventions
-- Added test 'lint_cmake' to check CMake code style
-- Added test 'pep257' to check Python code against some of the style conventions in PEP 257
-- Added test 'uncrustify' to check C / C++ code style
-- Configured uncrustify additional arguments: 
-- Added test 'xmllint' to check XML markup files
-- Configuring done
-- Generating done
-- Build files have been written to: /home/jetson/bbb_jetson_ws/build/bbb_package
[35m[1mScanning dependencies of target delta_angle[0m
[  5%] Built target data_processing_node_trap
[ 10%] Built target data_processing_node_circle
[ 15%] Built target data_processing_node_zz
[ 17%] [32mBuilding CXX object CMakeFiles/delta_angle.dir/src/delta_angle.cpp.o[0m
[ 22%] Built target controllers_node
[ 27%] Built target data_processing_node_straight
[ 32%] Built target data_processing_node
[ 37%] Built target read_IMU
[ 42%] Built target read_lidar
[ 47%] Built target pid_node
[ 52%] Built target delta_angle_node
[ 57%] Built target tune_node
[ 62%] Built target tune_fuzzy_node
[ 67%] Built target fuzzy_longitudinal_controllers
[ 72%] Built target data_processing_node_eight
[ 77%] Built target circumference_node
[ 82%] Built target lidar_tune
[ 87%] Built target straight_line_node
[ 92%] Built target stanley_node
[ 97%] Built target sinusoidal_node
[01m[K/home/jetson/bbb_jetson_ws/src/bbb_package/src/delta_angle.cpp:[m[K In constructor â€˜[01m[KFuzzyNodeTest::FuzzyNodeTest()[m[Kâ€™:
[01m[K/home/jetson/bbb_jetson_ws/src/bbb_package/src/delta_angle.cpp:18:46:[m[K [01;31m[Kerror: [m[Kclass â€˜[01m[KFuzzyNodeTest[m[Kâ€™ does not have any field named â€˜[01m[KangleIMU[m[Kâ€™
   18 | de("delta_angle_node"),[01;31m[KangleIMU[m[K(0.0),{
      |                        [01;31m[K^~~~~~~~[m[K

[01m[K/home/jetson/bbb_jetson_ws/src/bbb_package/src/delta_angle.cpp:18:60:[m[K [01;31m[Kerror: [m[Kexpected identifier before â€˜[01m[K{[m[Kâ€™ token
   18 | ode"),angleIMU(0.0),[01;31m[K{[m[K
      |                     [01;31m[K^[m[K

[01m[K/home/jetson/bbb_jetson_ws/src/bbb_package/src/delta_angle.cpp:21:36:[m[K [01;31m[Kerror: [m[Kâ€˜[01m[KDataProcessingNode[m[Kâ€™ has not been declared
   21 | MU", 10, std::bind(&[01;31m[KDataProcessingNode[m[K::angle_IMU_callback, this, std::placeholders::_1));
      |                     [01;31m[K^~~~~~~~~~~~~~~~~~[m[K

[01m[K/home/jetson/bbb_jetson_ws/src/bbb_package/src/delta_angle.cpp:25:96:[m[K [01;31m[Kerror: [m[Kâ€˜[01m[Ktimer_callback[m[Kâ€™ is not a member of â€˜[01m[KFuzzyNodeTest[m[Kâ€™
   25 | ind(&FuzzyNodeTest::[01;31m[Ktimer_callback[m[K, this));
      |                     [01;31m[K^~~~~~~~~~~~~~[m[K

[01m[K/home/jetson/bbb_jetson_ws/src/bbb_package/src/delta_angle.cpp:[m[K In member function â€˜[01m[Kvoid FuzzyNodeTest::angle_IMU_callback(std_msgs::msg::Float64MultiArray_<std::allocator<void> >::SharedPtr)[m[Kâ€™:
[01m[K/home/jetson/bbb_jetson_ws/src/bbb_package/src/delta_angle.cpp:49:7:[m[K [01;31m[Kerror: [m[Kâ€˜[01m[KangleIMU[m[Kâ€™ was not declared in this scope
   49 |       [01;31m[KangleIMU[m[K = msg->data[0] * M_PI / 180.0; // Convert to radians
      |       [01;31m[K^~~~~~~~[m[K
make[2]: *** [CMakeFiles/delta_angle.dir/build.make:63: CMakeFiles/delta_angle.dir/src/delta_angle.cpp.o] Error 1
make[1]: *** [CMakeFiles/Makefile2:116: CMakeFiles/delta_angle.dir/all] Error 2
make: *** [Makefile:141: all] Error 2
