[01m[K/home/jetson/bbb_jetson_ws/src/bbb_package/src/delta_angle.cpp:[m[K In constructor â€˜[01m[KFuzzyNodeTest::FuzzyNodeTest()[m[Kâ€™:
[01m[K/home/jetson/bbb_jetson_ws/src/bbb_package/src/delta_angle.cpp:24:11:[m[K [01;31m[Kerror: [m[Kâ€˜[01m[Ksubscription_tf_[m[Kâ€™ was not declared in this scope; did you mean â€˜[01m[Krcl_subscription_t[m[Kâ€™?
   24 |           [01;31m[Ksubscription_tf_[m[K = this->create_subscription<tf2_msgs::msg::TFMessage>(
      |           [01;31m[K^~~~~~~~~~~~~~~~[m[K
      |           [32m[Krcl_subscription_t[m[K
make[2]: *** [CMakeFiles/delta_angle.dir/build.make:63: CMakeFiles/delta_angle.dir/src/delta_angle.cpp.o] Error 1
make[1]: *** [CMakeFiles/Makefile2:116: CMakeFiles/delta_angle.dir/all] Error 2
make: *** [Makefile:141: all] Error 2
