[0.043s] Invoking command in '/home/jetson/bbb_jetson_ws/build/bbb_package': CMAKE_PREFIX_PATH=/home/jetson/bbb_jetson_ws/install/serial:/home/jetson/bbb_jetson_ws/install/tune_package:/home/jetson/bbb_jetson_ws/install/ros2_laser_scan_matcher:/home/jetson/bbb_jetson_ws/install/diffdrive_arduino:/home/jetson/bbb_jetson_ws/install/bbb_package:/home/jetson/bbb_jetson_ws/install/micro_ros_setup:/home/jetson/bbb_jetson_ws/install/csm:/home/jetson/bbb_jetson_ws/install/bbb_robot:/opt/ros/foxy /usr/bin/cmake --build /home/jetson/bbb_jetson_ws/build/bbb_package -- -j4 -l4
[0.185s] [35m[1mScanning dependencies of target delta_angle[0m
[0.286s] [  5%] Built target data_processing_node_trap
[0.301s] [ 10%] Built target data_processing_node_zz
[0.314s] [ 15%] Built target data_processing_node_circle
[0.335s] [ 17%] [32mBuilding CXX object CMakeFiles/delta_angle.dir/src/delta_angle.cpp.o[0m
[0.470s] [ 22%] Built target controllers_node
[0.501s] [ 27%] Built target data_processing_node_straight
[0.549s] [ 32%] Built target data_processing_node
[0.634s] [ 37%] Built target read_lidar
[0.706s] [ 42%] Built target read_IMU
[0.736s] [ 47%] Built target pid_node
[0.775s] [ 52%] Built target delta_angle_node
[0.851s] [ 57%] Built target tune_node
[0.908s] [ 62%] Built target data_processing_node_eight
[0.947s] [ 67%] Built target tune_fuzzy_node
[1.061s] [ 72%] Built target circumference_node
[1.083s] [ 77%] Built target fuzzy_longitudinal_controllers
[1.182s] [ 82%] Built target lidar_tune
[1.191s] [ 87%] Built target straight_line_node
[1.267s] [ 92%] Built target stanley_node
[1.316s] [ 97%] Built target sinusoidal_node
[5.645s] [01m[K/home/jetson/bbb_jetson_ws/src/bbb_package/src/delta_angle.cpp:[m[K In constructor â€˜[01m[KFuzzyNodeTest::FuzzyNodeTest()[m[Kâ€™:
[5.647s] [01m[K/home/jetson/bbb_jetson_ws/src/bbb_package/src/delta_angle.cpp:24:11:[m[K [01;31m[Kerror: [m[Kâ€˜[01m[Ksubscription_tf_[m[Kâ€™ was not declared in this scope; did you mean â€˜[01m[Krcl_subscription_t[m[Kâ€™?
[5.647s]    24 |           [01;31m[Ksubscription_tf_[m[K = this->create_subscription<tf2_msgs::msg::TFMessage>(
[5.648s]       |           [01;31m[K^~~~~~~~~~~~~~~~[m[K
[5.648s]       |           [32m[Krcl_subscription_t[m[K
[14.051s] make[2]: *** [CMakeFiles/delta_angle.dir/build.make:63: CMakeFiles/delta_angle.dir/src/delta_angle.cpp.o] Error 1
[14.052s] make[1]: *** [CMakeFiles/Makefile2:116: CMakeFiles/delta_angle.dir/all] Error 2
[14.052s] make: *** [Makefile:141: all] Error 2
[14.058s] Invoked command in '/home/jetson/bbb_jetson_ws/build/bbb_package' returned '2': CMAKE_PREFIX_PATH=/home/jetson/bbb_jetson_ws/install/serial:/home/jetson/bbb_jetson_ws/install/tune_package:/home/jetson/bbb_jetson_ws/install/ros2_laser_scan_matcher:/home/jetson/bbb_jetson_ws/install/diffdrive_arduino:/home/jetson/bbb_jetson_ws/install/bbb_package:/home/jetson/bbb_jetson_ws/install/micro_ros_setup:/home/jetson/bbb_jetson_ws/install/csm:/home/jetson/bbb_jetson_ws/install/bbb_robot:/opt/ros/foxy /usr/bin/cmake --build /home/jetson/bbb_jetson_ws/build/bbb_package -- -j4 -l4
