make[2]: *** No rule to make target '/home/jetson/bbb_jetson_ws/src/bbb_package/src/fuzzy_node_test.cpp', needed by 'CMakeFiles/fuzzy_node_test.dir/src/fuzzy_node_test.cpp.o'.  Stop.
make[1]: *** [CMakeFiles/Makefile2:204: CMakeFiles/fuzzy_node_test.dir/all] Error 2
make[1]: *** Waiting for unfinished jobs....
make: *** [Makefile:141: all] Error 2
