[35m[1mScanning dependencies of target pid_node[0m
[35m[1mScanning dependencies of target fuzzy_node_test[0m
make[2]: *** No rule to make target '/home/jetson/bbb_jetson_ws/src/bbb_package/src/fuzzy_node_test.cpp', needed by 'CMakeFiles/fuzzy_node_test.dir/src/fuzzy_node_test.cpp.o'.  Stop.
make[1]: *** [CMakeFiles/Makefile2:204: CMakeFiles/fuzzy_node_test.dir/all] Error 2
make[1]: *** Waiting for unfinished jobs....
[ 10%] Built target read_lidar
[ 15%] [32mBuilding CXX object CMakeFiles/pid_node.dir/src/pid_node.cpp.o[0m
[ 25%] Built target read_IMU
[ 30%] [32m[1mLinking CXX executable pid_node[0m
[ 30%] Built target pid_node
make: *** [Makefile:141: all] Error 2
