[0.655s] Invoking command in '/home/jetson/bbb_jetson_ws/build/bbb_package': CMAKE_PREFIX_PATH=/home/jetson/bbb_jetson_ws/install/serial:/home/jetson/bbb_jetson_ws/install/ros2_laser_scan_matcher:/home/jetson/bbb_jetson_ws/install/diffdrive_arduino:/home/jetson/bbb_jetson_ws/install/bbb_package:/home/jetson/bbb_jetson_ws/install/micro_ros_setup:/home/jetson/bbb_jetson_ws/install/csm:/home/jetson/bbb_jetson_ws/install/bbb_robot:/opt/ros/foxy /usr/bin/cmake --build /home/jetson/bbb_jetson_ws/build/bbb_package -- -j4 -l4
[1.053s] [35m[1mScanning dependencies of target pid_node[0m
[1.060s] [35m[1mScanning dependencies of target fuzzy_node_test[0m
[1.116s] make[2]: *** No rule to make target '/home/jetson/bbb_jetson_ws/src/bbb_package/src/fuzzy_node_test.cpp', needed by 'CMakeFiles/fuzzy_node_test.dir/src/fuzzy_node_test.cpp.o'.  Stop.
[1.117s] make[1]: *** [CMakeFiles/Makefile2:204: CMakeFiles/fuzzy_node_test.dir/all] Error 2
[1.118s] make[1]: *** Waiting for unfinished jobs....
[1.197s] [ 10%] Built target read_lidar
[1.208s] [ 15%] [32mBuilding CXX object CMakeFiles/pid_node.dir/src/pid_node.cpp.o[0m
[1.217s] [ 25%] Built target read_IMU
[19.608s] [ 30%] [32m[1mLinking CXX executable pid_node[0m
[20.599s] [ 30%] Built target pid_node
[20.601s] make: *** [Makefile:141: all] Error 2
[20.607s] Invoked command in '/home/jetson/bbb_jetson_ws/build/bbb_package' returned '2': CMAKE_PREFIX_PATH=/home/jetson/bbb_jetson_ws/install/serial:/home/jetson/bbb_jetson_ws/install/ros2_laser_scan_matcher:/home/jetson/bbb_jetson_ws/install/diffdrive_arduino:/home/jetson/bbb_jetson_ws/install/bbb_package:/home/jetson/bbb_jetson_ws/install/micro_ros_setup:/home/jetson/bbb_jetson_ws/install/csm:/home/jetson/bbb_jetson_ws/install/bbb_robot:/opt/ros/foxy /usr/bin/cmake --build /home/jetson/bbb_jetson_ws/build/bbb_package -- -j4 -l4
