[01m[K/home/jetson/bbb_jetson_ws/src/bbb_package/src/controllers_node.cpp:[m[K In function â€˜[01m[Kvoid init_PD_fuzzy()[m[Kâ€™:
[01m[K/home/jetson/bbb_jetson_ws/src/bbb_package/src/controllers_node.cpp:273:1:[m[K [01;31m[Kerror: [m[Kâ€˜[01m[Kpi_fuzzy[m[Kâ€™ was not declared in this scope; did you mean â€˜[01m[Kpd_fuzzy[m[Kâ€™?
  273 | [01;31m[Kpi_fuzzy[m[K.Ke = 0.15;
      | [01;31m[K^~~~~~~~[m[K
      | [32m[Kpd_fuzzy[m[K
make[2]: *** [CMakeFiles/controllers_node.dir/build.make:63: CMakeFiles/controllers_node.dir/src/controllers_node.cpp.o] Error 1
make[1]: *** [CMakeFiles/Makefile2:129: CMakeFiles/controllers_node.dir/all] Error 2
make[1]: *** Waiting for unfinished jobs....
make: *** [Makefile:141: all] Error 2
