[35m[1mScanning dependencies of target controllers_node[0m
[  7%] Built target data_processing_node
[ 15%] Built target read_IMU
[ 23%] Built target read_lidar
[ 26%] [32mBuilding CXX object CMakeFiles/controllers_node.dir/src/controllers_node.cpp.o[0m
[ 34%] Built target pid_node
[ 42%] Built target delta_angle_node
[ 50%] Built target tune_node
[ 57%] Built target tune_fuzzy_node
[ 65%] Built target fuzzy_longitudinal_controllers
[ 73%] Built target circumference_node
[35m[1mScanning dependencies of target straight_line_node[0m
[ 80%] Built target stanley_node
[ 84%] [32mBuilding CXX object CMakeFiles/straight_line_node.dir/src/straight_line_node.cpp.o[0m
[ 92%] Built target sinusoidal_node
[01m[K/home/jetson/bbb_jetson_ws/src/bbb_package/src/controllers_node.cpp:[m[K In function â€˜[01m[Kvoid init_PD_fuzzy()[m[Kâ€™:
[01m[K/home/jetson/bbb_jetson_ws/src/bbb_package/src/controllers_node.cpp:273:1:[m[K [01;31m[Kerror: [m[Kâ€˜[01m[Kpi_fuzzy[m[Kâ€™ was not declared in this scope; did you mean â€˜[01m[Kpd_fuzzy[m[Kâ€™?
  273 | [01;31m[Kpi_fuzzy[m[K.Ke = 0.15;
      | [01;31m[K^~~~~~~~[m[K
      | [32m[Kpd_fuzzy[m[K
make[2]: *** [CMakeFiles/controllers_node.dir/build.make:63: CMakeFiles/controllers_node.dir/src/controllers_node.cpp.o] Error 1
make[1]: *** [CMakeFiles/Makefile2:129: CMakeFiles/controllers_node.dir/all] Error 2
make[1]: *** Waiting for unfinished jobs....
[ 96%] [32m[1mLinking CXX executable straight_line_node[0m
[ 96%] Built target straight_line_node
make: *** [Makefile:141: all] Error 2
