[0.044s] Invoking command in '/home/jetson/bbb_jetson_ws/build/bbb_package': CMAKE_PREFIX_PATH=/home/jetson/bbb_jetson_ws/install/serial:/home/jetson/bbb_jetson_ws/install/ros2_laser_scan_matcher:/home/jetson/bbb_jetson_ws/install/diffdrive_arduino:/home/jetson/bbb_jetson_ws/install/bbb_package:/home/jetson/bbb_jetson_ws/install/micro_ros_setup:/home/jetson/bbb_jetson_ws/install/csm:/home/jetson/bbb_jetson_ws/install/bbb_robot:/opt/ros/foxy /usr/bin/cmake --build /home/jetson/bbb_jetson_ws/build/bbb_package -- -j4 -l4
[0.220s] [35m[1mScanning dependencies of target controllers_node[0m
[0.400s] [  7%] Built target data_processing_node
[0.415s] [ 15%] Built target read_IMU
[0.447s] [ 23%] Built target read_lidar
[0.471s] [ 26%] [32mBuilding CXX object CMakeFiles/controllers_node.dir/src/controllers_node.cpp.o[0m
[0.705s] [ 34%] Built target pid_node
[0.731s] [ 42%] Built target delta_angle_node
[0.766s] [ 50%] Built target tune_node
[0.930s] [ 57%] Built target tune_fuzzy_node
[0.966s] [ 65%] Built target fuzzy_longitudinal_controllers
[1.015s] [ 73%] Built target circumference_node
[1.019s] [35m[1mScanning dependencies of target straight_line_node[0m
[1.250s] [ 80%] Built target stanley_node
[1.322s] [ 84%] [32mBuilding CXX object CMakeFiles/straight_line_node.dir/src/straight_line_node.cpp.o[0m
[1.339s] [ 92%] Built target sinusoidal_node
[6.314s] [01m[K/home/jetson/bbb_jetson_ws/src/bbb_package/src/controllers_node.cpp:[m[K In function â€˜[01m[Kvoid init_PD_fuzzy()[m[Kâ€™:
[6.315s] [01m[K/home/jetson/bbb_jetson_ws/src/bbb_package/src/controllers_node.cpp:273:1:[m[K [01;31m[Kerror: [m[Kâ€˜[01m[Kpi_fuzzy[m[Kâ€™ was not declared in this scope; did you mean â€˜[01m[Kpd_fuzzy[m[Kâ€™?
[6.316s]   273 | [01;31m[Kpi_fuzzy[m[K.Ke = 0.15;
[6.316s]       | [01;31m[K^~~~~~~~[m[K
[6.317s]       | [32m[Kpd_fuzzy[m[K
[12.371s] make[2]: *** [CMakeFiles/controllers_node.dir/build.make:63: CMakeFiles/controllers_node.dir/src/controllers_node.cpp.o] Error 1
[12.373s] make[1]: *** [CMakeFiles/Makefile2:129: CMakeFiles/controllers_node.dir/all] Error 2
[12.373s] make[1]: *** Waiting for unfinished jobs....
[19.127s] [ 96%] [32m[1mLinking CXX executable straight_line_node[0m
[19.953s] [ 96%] Built target straight_line_node
[19.957s] make: *** [Makefile:141: all] Error 2
[19.962s] Invoked command in '/home/jetson/bbb_jetson_ws/build/bbb_package' returned '2': CMAKE_PREFIX_PATH=/home/jetson/bbb_jetson_ws/install/serial:/home/jetson/bbb_jetson_ws/install/ros2_laser_scan_matcher:/home/jetson/bbb_jetson_ws/install/diffdrive_arduino:/home/jetson/bbb_jetson_ws/install/bbb_package:/home/jetson/bbb_jetson_ws/install/micro_ros_setup:/home/jetson/bbb_jetson_ws/install/csm:/home/jetson/bbb_jetson_ws/install/bbb_robot:/opt/ros/foxy /usr/bin/cmake --build /home/jetson/bbb_jetson_ws/build/bbb_package -- -j4 -l4
