In file included from [01m[K/opt/ros/foxy/include/rclcpp/client.hpp:40[m[K,
                 from [01m[K/opt/ros/foxy/include/rclcpp/callback_group.hpp:23[m[K,
                 from [01m[K/opt/ros/foxy/include/rclcpp/any_executable.hpp:20[m[K,
                 from [01m[K/opt/ros/foxy/include/rclcpp/memory_strategy.hpp:24[m[K,
                 from [01m[K/opt/ros/foxy/include/rclcpp/memory_strategies.hpp:18[m[K,
                 from [01m[K/opt/ros/foxy/include/rclcpp/executor_options.hpp:20[m[K,
                 from [01m[K/opt/ros/foxy/include/rclcpp/executor.hpp:33[m[K,
                 from [01m[K/opt/ros/foxy/include/rclcpp/executors/multi_threaded_executor.hpp:26[m[K,
                 from [01m[K/opt/ros/foxy/include/rclcpp/executors.hpp:21[m[K,
                 from [01m[K/opt/ros/foxy/include/rclcpp/rclcpp.hpp:146[m[K,
                 from [01m[K/home/jetson/bbb_jetson_ws/src/bbb_package/src/delta_angle.cpp:12[m[K:
[01m[K/home/jetson/bbb_jetson_ws/src/bbb_package/src/delta_angle.cpp:[m[K In member function â€˜[01m[Kvoid FuzzyNodeTest::timer_callback()[m[Kâ€™:
[01m[K/home/jetson/bbb_jetson_ws/src/bbb_package/src/delta_angle.cpp:44:73:[m[K [01;31m[Kerror: [m[Kexpected â€˜[01m[K)[m[Kâ€™ before â€˜[01m[Kdesired_angle[m[Kâ€™
   44 |     RCLCPP_INFO(this->get_logger(), "desired angle = %lf, time = %lf  " [01;31m[Kdesired_angle[m[K, elapsed_time );
      |                                                                         [01;31m[K^~~~~~~~~~~~~[m[K
[01m[K/home/jetson/bbb_jetson_ws/src/bbb_package/src/delta_angle.cpp:44:5:[m[K [01;36m[Knote: [m[Kto match this â€˜[01m[K([m[Kâ€™
   44 |     [01;36m[KRCLCPP_INFO[m[K(this->get_logger(), "desired angle = %lf, time = %lf  " desired_angle, elapsed_time );
      |     [01;36m[K^~~~~~~~~~~[m[K
make[2]: *** [CMakeFiles/delta_angle.dir/build.make:63: CMakeFiles/delta_angle.dir/src/delta_angle.cpp.o] Error 1
make[1]: *** [CMakeFiles/Makefile2:116: CMakeFiles/delta_angle.dir/all] Error 2
make: *** [Makefile:141: all] Error 2
