[35m[1mScanning dependencies of target delta_angle[0m
[  5%] Built target data_processing_node_trap
[ 10%] Built target data_processing_node_circle
[ 15%] Built target data_processing_node_zz
[ 17%] [32mBuilding CXX object CMakeFiles/delta_angle.dir/src/delta_angle.cpp.o[0m
[ 22%] Built target data_processing_node_straight
[ 27%] Built target data_processing_node
[ 32%] Built target controllers_node
[ 37%] Built target read_lidar
[ 42%] Built target pid_node
[ 47%] Built target read_IMU
[ 52%] Built target tune_node
[ 57%] Built target tune_fuzzy_node
[ 62%] Built target delta_angle_node
[ 67%] Built target data_processing_node_eight
[ 72%] Built target fuzzy_longitudinal_controllers
[ 77%] Built target circumference_node
[ 82%] Built target straight_line_node
[ 87%] Built target stanley_node
[ 92%] Built target lidar_tune
[ 97%] Built target sinusoidal_node
In file included from [01m[K/opt/ros/foxy/include/rclcpp/client.hpp:40[m[K,
                 from [01m[K/opt/ros/foxy/include/rclcpp/callback_group.hpp:23[m[K,
                 from [01m[K/opt/ros/foxy/include/rclcpp/any_executable.hpp:20[m[K,
                 from [01m[K/opt/ros/foxy/include/rclcpp/memory_strategy.hpp:24[m[K,
                 from [01m[K/opt/ros/foxy/include/rclcpp/memory_strategies.hpp:18[m[K,
                 from [01m[K/opt/ros/foxy/include/rclcpp/executor_options.hpp:20[m[K,
                 from [01m[K/opt/ros/foxy/include/rclcpp/executor.hpp:33[m[K,
                 from [01m[K/opt/ros/foxy/include/rclcpp/executors/multi_threaded_executor.hpp:26[m[K,
                 from [01m[K/opt/ros/foxy/include/rclcpp/executors.hpp:21[m[K,
                 from [01m[K/opt/ros/foxy/include/rclcpp/rclcpp.hpp:146[m[K,
                 from [01m[K/home/jetson/bbb_jetson_ws/src/bbb_package/src/delta_angle.cpp:12[m[K:
[01m[K/home/jetson/bbb_jetson_ws/src/bbb_package/src/delta_angle.cpp:[m[K In member function â€˜[01m[Kvoid FuzzyNodeTest::timer_callback()[m[Kâ€™:
[01m[K/home/jetson/bbb_jetson_ws/src/bbb_package/src/delta_angle.cpp:44:73:[m[K [01;31m[Kerror: [m[Kexpected â€˜[01m[K)[m[Kâ€™ before â€˜[01m[Kdesired_angle[m[Kâ€™
   44 |     RCLCPP_INFO(this->get_logger(), "desired angle = %lf, time = %lf  " [01;31m[Kdesired_angle[m[K, elapsed_time );
      |                                                                         [01;31m[K^~~~~~~~~~~~~[m[K
[01m[K/home/jetson/bbb_jetson_ws/src/bbb_package/src/delta_angle.cpp:44:5:[m[K [01;36m[Knote: [m[Kto match this â€˜[01m[K([m[Kâ€™
   44 |     [01;36m[KRCLCPP_INFO[m[K(this->get_logger(), "desired angle = %lf, time = %lf  " desired_angle, elapsed_time );
      |     [01;36m[K^~~~~~~~~~~[m[K
make[2]: *** [CMakeFiles/delta_angle.dir/build.make:63: CMakeFiles/delta_angle.dir/src/delta_angle.cpp.o] Error 1
make[1]: *** [CMakeFiles/Makefile2:116: CMakeFiles/delta_angle.dir/all] Error 2
make: *** [Makefile:141: all] Error 2
