[01m[K/home/jetson/bbb_jetson_ws/src/bbb_package/src/data_processing_node_eight.cpp:[m[K In member function â€˜[01m[Kvoid DataProcessingNode::initializeArrays()[m[Kâ€™:
[01m[K/home/jetson/bbb_jetson_ws/src/bbb_package/src/data_processing_node_eight.cpp:52:28:[m[K [01;31m[Kerror: [m[Kâ€˜[01m[Kx1[m[Kâ€™ was not declared in this scope; did you mean â€˜[01m[Kx[m[Kâ€™?
   52 |   void initializeArrays() {[01;31m[Kx1[m[K
      |                            [01;31m[K^~[m[K
      |                            [32m[Kx[m[K
make[2]: *** [CMakeFiles/data_processing_node_eight.dir/build.make:63: CMakeFiles/data_processing_node_eight.dir/src/data_processing_node_eight.cpp.o] Error 1
make[1]: *** [CMakeFiles/Makefile2:438: CMakeFiles/data_processing_node_eight.dir/all] Error 2
make: *** [Makefile:141: all] Error 2
