[  5%] Built target data_processing_node_straight
[ 10%] Built target data_processing_node_zz
[ 15%] Built target data_processing_node_trap
[ 21%] Built target data_processing_node_circle
[ 26%] Built target data_processing_node
[ 31%] Built target read_IMU
[ 36%] Built target read_lidar
[ 42%] Built target controllers_node
[ 47%] Built target pid_node
[ 52%] Built target delta_angle_node
[ 57%] Built target tune_node
[35m[1mScanning dependencies of target data_processing_node_eight[0m
[ 63%] Built target tune_fuzzy_node
[ 65%] [32mBuilding CXX object CMakeFiles/data_processing_node_eight.dir/src/data_processing_node_eight.cpp.o[0m
[ 71%] Built target fuzzy_longitudinal_controllers
[ 76%] Built target circumference_node
[ 81%] Built target lidar_tune
[ 86%] Built target straight_line_node
[ 92%] Built target sinusoidal_node
[ 97%] Built target stanley_node
[01m[K/home/jetson/bbb_jetson_ws/src/bbb_package/src/data_processing_node_eight.cpp:[m[K In member function â€˜[01m[Kvoid DataProcessingNode::initializeArrays()[m[Kâ€™:
[01m[K/home/jetson/bbb_jetson_ws/src/bbb_package/src/data_processing_node_eight.cpp:52:28:[m[K [01;31m[Kerror: [m[Kâ€˜[01m[Kx1[m[Kâ€™ was not declared in this scope; did you mean â€˜[01m[Kx[m[Kâ€™?
   52 |   void initializeArrays() {[01;31m[Kx1[m[K
      |                            [01;31m[K^~[m[K
      |                            [32m[Kx[m[K
make[2]: *** [CMakeFiles/data_processing_node_eight.dir/build.make:63: CMakeFiles/data_processing_node_eight.dir/src/data_processing_node_eight.cpp.o] Error 1
make[1]: *** [CMakeFiles/Makefile2:438: CMakeFiles/data_processing_node_eight.dir/all] Error 2
make: *** [Makefile:141: all] Error 2
