[0.637s] Invoking command in '/home/jetson/bbb_jetson_ws/build/bbb_package': CMAKE_PREFIX_PATH=/home/jetson/bbb_jetson_ws/install/serial:/home/jetson/bbb_jetson_ws/install/ros2_laser_scan_matcher:/home/jetson/bbb_jetson_ws/install/diffdrive_arduino:/home/jetson/bbb_jetson_ws/install/micro_ros_setup:/home/jetson/bbb_jetson_ws/install/csm:/home/jetson/bbb_jetson_ws/install/bbb_robot:/home/jetson/bbb_jetson_ws/install/bbb_package:/opt/ros/foxy /usr/bin/cmake --build /home/jetson/bbb_jetson_ws/build/bbb_package -- -j4 -l4
[0.721s] -- Found ament_cmake: 0.9.12 (/opt/ros/foxy/share/ament_cmake/cmake)
[0.790s] -- Using PYTHON_EXECUTABLE: /usr/bin/python3
[1.415s] -- Override CMake install command with custom implementation using symlinks instead of copying resources
[1.436s] -- Found rclcpp: 2.4.3 (/opt/ros/foxy/share/rclcpp/cmake)
[1.549s] -- Using all available rosidl_typesupport_c: rosidl_typesupport_fastrtps_c;rosidl_typesupport_introspection_c
[1.560s] -- Found rosidl_adapter: 1.3.1 (/opt/ros/foxy/share/rosidl_adapter/cmake)
[1.973s] -- Using all available rosidl_typesupport_cpp: rosidl_typesupport_fastrtps_cpp;rosidl_typesupport_introspection_cpp
[2.140s] -- Found rmw_implementation_cmake: 1.0.4 (/opt/ros/foxy/share/rmw_implementation_cmake/cmake)
[2.145s] -- Using RMW implementation 'rmw_fastrtps_cpp' as default
[2.638s] -- Found geometry_msgs: 2.0.5 (/opt/ros/foxy/share/geometry_msgs/cmake)
[2.761s] -- Found serial: 1.2.1 (/home/jetson/bbb_jetson_ws/install/serial/share/serial/cmake)
[2.783s] -- Found ament_lint_auto: 0.9.8 (/opt/ros/foxy/share/ament_lint_auto/cmake)
[2.993s] -- Added test 'cppcheck' to perform static code analysis on C / C++ code
[2.994s] -- Configured cppcheck include dirs: 
[2.994s] -- Configured cppcheck exclude dirs and/or files: 
[2.995s] -- Added test 'flake8' to check Python code syntax and style conventions
[2.997s] -- Added test 'lint_cmake' to check CMake code style
[2.998s] -- Added test 'pep257' to check Python code against some of the style conventions in PEP 257
[3.001s] -- Added test 'uncrustify' to check C / C++ code style
[3.001s] -- Configured uncrustify additional arguments: 
[3.002s] -- Added test 'xmllint' to check XML markup files
[3.012s] -- Configuring done
[3.057s] -- Generating done
[3.063s] -- Build files have been written to: /home/jetson/bbb_jetson_ws/build/bbb_package
[3.186s] [ 16%] [32mBuilding CXX object CMakeFiles/read_IMU.dir/src/read_IMU.cpp.o[0m
[3.208s] [ 50%] Built target read_pico
[3.214s] [ 83%] Built target read_host
[3.499s] [01m[K/home/jetson/bbb_jetson_ws/src/bbb_package/src/read_IMU.cpp:4:10:[m[K [01;31m[Kfatal error: [m[Kserial/serial.h: No such file or directory
[3.500s]     4 | #include [01;31m[K<serial/serial.h>[m[K
[3.500s]       |          [01;31m[K^~~~~~~~~~~~~~~~~[m[K
[3.500s] compilation terminated.
[3.506s] make[2]: *** [CMakeFiles/read_IMU.dir/build.make:63: CMakeFiles/read_IMU.dir/src/read_IMU.cpp.o] Error 1
[3.506s] make[1]: *** [CMakeFiles/Makefile2:136: CMakeFiles/read_IMU.dir/all] Error 2
[3.507s] make: *** [Makefile:141: all] Error 2
[3.513s] Invoked command in '/home/jetson/bbb_jetson_ws/build/bbb_package' returned '2': CMAKE_PREFIX_PATH=/home/jetson/bbb_jetson_ws/install/serial:/home/jetson/bbb_jetson_ws/install/ros2_laser_scan_matcher:/home/jetson/bbb_jetson_ws/install/diffdrive_arduino:/home/jetson/bbb_jetson_ws/install/micro_ros_setup:/home/jetson/bbb_jetson_ws/install/csm:/home/jetson/bbb_jetson_ws/install/bbb_robot:/home/jetson/bbb_jetson_ws/install/bbb_package:/opt/ros/foxy /usr/bin/cmake --build /home/jetson/bbb_jetson_ws/build/bbb_package -- -j4 -l4
