[01m[K/home/jetson/bbb_jetson_ws/src/bbb_package/src/fuzzy_node_test.cpp:[m[K In member function â€˜[01m[Kvoid FuzzyNodeTest::timer_callback()[m[Kâ€™:
[01m[K/home/jetson/bbb_jetson_ws/src/bbb_package/src/fuzzy_node_test.cpp:48:5:[m[K [01;31m[Kerror: [m[Kâ€˜[01m[Kpublisher_velocity_fuzzy_[m[Kâ€™ was not declared in this scope
   48 |     [01;31m[Kpublisher_velocity_fuzzy_[m[K->publish(message);
      |     [01;31m[K^~~~~~~~~~~~~~~~~~~~~~~~~[m[K
make[2]: *** [CMakeFiles/fuzzy_node_test.dir/build.make:63: CMakeFiles/fuzzy_node_test.dir/src/fuzzy_node_test.cpp.o] Error 1
make[1]: *** [CMakeFiles/Makefile2:202: CMakeFiles/fuzzy_node_test.dir/all] Error 2
make[1]: *** Waiting for unfinished jobs....
make: *** [Makefile:141: all] Error 2
