-- Found ament_cmake: 0.9.12 (/opt/ros/foxy/share/ament_cmake/cmake)
-- Using PYTHON_EXECUTABLE: /usr/bin/python3
-- Override CMake install command with custom implementation using symlinks instead of copying resources
-- Found rclcpp: 2.4.3 (/opt/ros/foxy/share/rclcpp/cmake)
-- Using all available rosidl_typesupport_c: rosidl_typesupport_fastrtps_c;rosidl_typesupport_introspection_c
-- Found rosidl_adapter: 1.3.1 (/opt/ros/foxy/share/rosidl_adapter/cmake)
-- Using all available rosidl_typesupport_cpp: rosidl_typesupport_fastrtps_cpp;rosidl_typesupport_introspection_cpp
-- Found rmw_implementation_cmake: 1.0.4 (/opt/ros/foxy/share/rmw_implementation_cmake/cmake)
-- Using RMW implementation 'rmw_fastrtps_cpp' as default
-- Found geometry_msgs: 2.0.5 (/opt/ros/foxy/share/geometry_msgs/cmake)
-- Found serial: 1.2.1 (/home/jetson/bbb_jetson_ws/install/serial/share/serial/cmake)
-- Found tf2_msgs: 0.13.14 (/opt/ros/foxy/share/tf2_msgs/cmake)
-- Found ament_lint_auto: 0.9.8 (/opt/ros/foxy/share/ament_lint_auto/cmake)
-- Added test 'cppcheck' to perform static code analysis on C / C++ code
-- Configured cppcheck include dirs: 
-- Configured cppcheck exclude dirs and/or files: 
-- Added test 'flake8' to check Python code syntax and style conventions
-- Added test 'lint_cmake' to check CMake code style
-- Added test 'pep257' to check Python code against some of the style conventions in PEP 257
-- Added test 'uncrustify' to check C / C++ code style
-- Configured uncrustify additional arguments: 
-- Added test 'xmllint' to check XML markup files
-- Configuring done
-- Generating done
-- Build files have been written to: /home/jetson/bbb_jetson_ws/build/bbb_package
[35m[1mScanning dependencies of target pid_node[0m
[35m[1mScanning dependencies of target fuzzy_node_test[0m
[ 11%] Built target read_lidar
[ 16%] [32mBuilding CXX object CMakeFiles/pid_node.dir/src/pid_node.cpp.o[0m
[ 27%] Built target read_IMU
[ 33%] [32mBuilding CXX object CMakeFiles/fuzzy_node_test.dir/src/fuzzy_node_test.cpp.o[0m
[ 44%] Built target tune_node
[ 55%] Built target straight_line_node
[35m[1mScanning dependencies of target tune_fuzzy_node[0m
[ 66%] Built target circumference_node
[ 72%] [32mBuilding CXX object CMakeFiles/tune_fuzzy_node.dir/src/tune_fuzzy_node.cpp.o[0m
[ 83%] Built target sinusoidal_node
[01m[K/home/jetson/bbb_jetson_ws/src/bbb_package/src/fuzzy_node_test.cpp:[m[K In member function â€˜[01m[Kvoid FuzzyNodeTest::timer_callback()[m[Kâ€™:
[01m[K/home/jetson/bbb_jetson_ws/src/bbb_package/src/fuzzy_node_test.cpp:48:5:[m[K [01;31m[Kerror: [m[Kâ€˜[01m[Kpublisher_velocity_fuzzy_[m[Kâ€™ was not declared in this scope
   48 |     [01;31m[Kpublisher_velocity_fuzzy_[m[K->publish(message);
      |     [01;31m[K^~~~~~~~~~~~~~~~~~~~~~~~~[m[K
make[2]: *** [CMakeFiles/fuzzy_node_test.dir/build.make:63: CMakeFiles/fuzzy_node_test.dir/src/fuzzy_node_test.cpp.o] Error 1
make[1]: *** [CMakeFiles/Makefile2:202: CMakeFiles/fuzzy_node_test.dir/all] Error 2
make[1]: *** Waiting for unfinished jobs....
[ 88%] [32m[1mLinking CXX executable pid_node[0m
[ 94%] [32m[1mLinking CXX executable tune_fuzzy_node[0m
[ 94%] Built target pid_node
[ 94%] Built target tune_fuzzy_node
make: *** [Makefile:141: all] Error 2
