[01m[K/home/jetson/bbb_jetson_ws/src/bbb_package/src/read_IMU.cpp:[m[K In member function â€˜[01m[Kvoid SerialNode::timer_callback()[m[Kâ€™:
[01m[K/home/jetson/bbb_jetson_ws/src/bbb_package/src/read_IMU.cpp:96:13:[m[K [01;31m[Kerror: [m[Kâ€˜[01m[Kcounter[m[Kâ€™ was not declared in this scope
   96 |             [01;31m[Kcounter[m[K ++;
      |             [01;31m[K^~~~~~~[m[K
[01m[K/home/jetson/bbb_jetson_ws/src/bbb_package/src/read_IMU.cpp:104:13:[m[K [01;31m[Kerror: [m[Kexpected primary-expression before â€˜[01m[Kauto[m[Kâ€™
  104 |             [01;31m[Kauto[m[K message = std_msgs::msg::Float64MultiArray();
      |             [01;31m[K^~~~[m[K
[01m[K/home/jetson/bbb_jetson_ws/src/bbb_package/src/read_IMU.cpp:105:13:[m[K [01;31m[Kerror: [m[Kâ€˜[01m[Kmessage[m[Kâ€™ was not declared in this scope
  105 |             [01;31m[Kmessage[m[K.data.resize(1);
      |             [01;31m[K^~~~~~~[m[K
[01m[K/home/jetson/bbb_jetson_ws/src/bbb_package/src/read_IMU.cpp:[m[K In function â€˜[01m[Kint main(int, char**)[m[Kâ€™:
[01m[K/home/jetson/bbb_jetson_ws/src/bbb_package/src/read_IMU.cpp:116:9:[m[K [01;35m[Kwarning: [m[Kunused variable â€˜[01m[Kcounter[m[Kâ€™ [[01;35m[K-Wunused-variable[m[K]
  116 |     int [01;35m[Kcounter[m[K = 0;
      |         [01;35m[K^~~~~~~[m[K
make[2]: *** [CMakeFiles/read_IMU.dir/build.make:63: CMakeFiles/read_IMU.dir/src/read_IMU.cpp.o] Error 1
make[1]: *** [CMakeFiles/Makefile2:96: CMakeFiles/read_IMU.dir/all] Error 2
make: *** [Makefile:141: all] Error 2
