[0.958s] Invoking command in '/home/jetson/bbb_jetson_ws/build/bbb_package': CMAKE_PREFIX_PATH=/home/jetson/bbb_jetson_ws/install/serial:/home/jetson/bbb_jetson_ws/install/ros2_laser_scan_matcher:/home/jetson/bbb_jetson_ws/install/diffdrive_arduino:/home/jetson/bbb_jetson_ws/install/bbb_package:/home/jetson/bbb_jetson_ws/install/micro_ros_setup:/home/jetson/bbb_jetson_ws/install/csm:/home/jetson/bbb_jetson_ws/install/bbb_robot:/opt/ros/foxy /usr/bin/cmake --build /home/jetson/bbb_jetson_ws/build/bbb_package -- -j4 -l4
[1.561s] [  5%] [32mBuilding CXX object CMakeFiles/read_IMU.dir/src/read_IMU.cpp.o[0m
[1.609s] [ 15%] Built target delta_angle_node
[1.660s] [ 25%] Built target pid_node
[1.769s] [ 35%] Built target read_lidar
[2.117s] [ 45%] Built target tune_node
[2.499s] [ 55%] Built target tune_fuzzy_node
[2.604s] [ 65%] Built target fuzzy_longitudinal_controllers
[2.751s] [ 75%] Built target straight_line_node
[3.215s] [ 85%] Built target circumference_node
[3.259s] [ 95%] Built target sinusoidal_node
[9.738s] [01m[K/home/jetson/bbb_jetson_ws/src/bbb_package/src/read_IMU.cpp:[m[K In member function â€˜[01m[Kvoid SerialNode::timer_callback()[m[Kâ€™:
[9.739s] [01m[K/home/jetson/bbb_jetson_ws/src/bbb_package/src/read_IMU.cpp:96:13:[m[K [01;31m[Kerror: [m[Kâ€˜[01m[Kcounter[m[Kâ€™ was not declared in this scope
[9.741s]    96 |             [01;31m[Kcounter[m[K ++;
[9.742s]       |             [01;31m[K^~~~~~~[m[K
[9.754s] [01m[K/home/jetson/bbb_jetson_ws/src/bbb_package/src/read_IMU.cpp:104:13:[m[K [01;31m[Kerror: [m[Kexpected primary-expression before â€˜[01m[Kauto[m[Kâ€™
[9.755s]   104 |             [01;31m[Kauto[m[K message = std_msgs::msg::Float64MultiArray();
[9.756s]       |             [01;31m[K^~~~[m[K
[9.757s] [01m[K/home/jetson/bbb_jetson_ws/src/bbb_package/src/read_IMU.cpp:105:13:[m[K [01;31m[Kerror: [m[Kâ€˜[01m[Kmessage[m[Kâ€™ was not declared in this scope
[9.758s]   105 |             [01;31m[Kmessage[m[K.data.resize(1);
[9.760s]       |             [01;31m[K^~~~~~~[m[K
[9.801s] [01m[K/home/jetson/bbb_jetson_ws/src/bbb_package/src/read_IMU.cpp:[m[K In function â€˜[01m[Kint main(int, char**)[m[Kâ€™:
[9.802s] [01m[K/home/jetson/bbb_jetson_ws/src/bbb_package/src/read_IMU.cpp:116:9:[m[K [01;35m[Kwarning: [m[Kunused variable â€˜[01m[Kcounter[m[Kâ€™ [[01;35m[K-Wunused-variable[m[K]
[9.803s]   116 |     int [01;35m[Kcounter[m[K = 0;
[9.804s]       |         [01;35m[K^~~~~~~[m[K
[13.701s] make[2]: *** [CMakeFiles/read_IMU.dir/build.make:63: CMakeFiles/read_IMU.dir/src/read_IMU.cpp.o] Error 1
[13.702s] make[1]: *** [CMakeFiles/Makefile2:96: CMakeFiles/read_IMU.dir/all] Error 2
[13.704s] make: *** [Makefile:141: all] Error 2
[13.726s] Invoked command in '/home/jetson/bbb_jetson_ws/build/bbb_package' returned '2': CMAKE_PREFIX_PATH=/home/jetson/bbb_jetson_ws/install/serial:/home/jetson/bbb_jetson_ws/install/ros2_laser_scan_matcher:/home/jetson/bbb_jetson_ws/install/diffdrive_arduino:/home/jetson/bbb_jetson_ws/install/bbb_package:/home/jetson/bbb_jetson_ws/install/micro_ros_setup:/home/jetson/bbb_jetson_ws/install/csm:/home/jetson/bbb_jetson_ws/install/bbb_robot:/opt/ros/foxy /usr/bin/cmake --build /home/jetson/bbb_jetson_ws/build/bbb_package -- -j4 -l4
