[01m[K/home/jetson/bbb_jetson_ws/src/bbb_package/src/delta_angle_node.cpp:[m[K In member function â€˜[01m[Kvoid FuzzyNodeTest::timer_callback()[m[Kâ€™:
[01m[K/home/jetson/bbb_jetson_ws/src/bbb_package/src/delta_angle_node.cpp:32:7:[m[K [01;31m[Kerror: [m[Kâ€˜[01m[Kpublisher_flag_[m[Kâ€™ was not declared in this scope
   32 |       [01;31m[Kpublisher_flag_[m[K->publish(message);
      |       [01;31m[K^~~~~~~~~~~~~~~[m[K
make[2]: *** [CMakeFiles/delta_angle_node.dir/build.make:63: CMakeFiles/delta_angle_node.dir/src/delta_angle_node.cpp.o] Error 1
make[1]: *** [CMakeFiles/Makefile2:179: CMakeFiles/delta_angle_node.dir/all] Error 2
make[1]: *** Waiting for unfinished jobs....
make: *** [Makefile:141: all] Error 2
