[35m[1mScanning dependencies of target delta_angle_node[0m
[  9%] Built target read_IMU
[ 18%] Built target read_lidar
[ 22%] [32mBuilding CXX object CMakeFiles/delta_angle_node.dir/src/delta_angle_node.cpp.o[0m
[ 31%] Built target pid_node
[ 40%] Built target tune_node
[ 50%] Built target tune_fuzzy_node
[ 59%] Built target fuzzy_longitudinal_controllers
[35m[1mScanning dependencies of target straight_line_node[0m
[35m[1mScanning dependencies of target stanley_node[0m
[ 68%] Built target circumference_node
[ 72%] [32mBuilding CXX object CMakeFiles/straight_line_node.dir/src/straight_line_node.cpp.o[0m
[ 77%] [32mBuilding CXX object CMakeFiles/stanley_node.dir/src/stanley_node.cpp.o[0m
[ 86%] Built target sinusoidal_node
[01m[K/home/jetson/bbb_jetson_ws/src/bbb_package/src/delta_angle_node.cpp:[m[K In member function â€˜[01m[Kvoid FuzzyNodeTest::timer_callback()[m[Kâ€™:
[01m[K/home/jetson/bbb_jetson_ws/src/bbb_package/src/delta_angle_node.cpp:32:7:[m[K [01;31m[Kerror: [m[Kâ€˜[01m[Kpublisher_flag_[m[Kâ€™ was not declared in this scope
   32 |       [01;31m[Kpublisher_flag_[m[K->publish(message);
      |       [01;31m[K^~~~~~~~~~~~~~~[m[K
make[2]: *** [CMakeFiles/delta_angle_node.dir/build.make:63: CMakeFiles/delta_angle_node.dir/src/delta_angle_node.cpp.o] Error 1
make[1]: *** [CMakeFiles/Makefile2:179: CMakeFiles/delta_angle_node.dir/all] Error 2
make[1]: *** Waiting for unfinished jobs....
[ 90%] [32m[1mLinking CXX executable straight_line_node[0m
[ 90%] Built target straight_line_node
[ 95%] [32m[1mLinking CXX executable stanley_node[0m
[ 95%] Built target stanley_node
make: *** [Makefile:141: all] Error 2
