[0.052s] Invoking command in '/home/jetson/bbb_jetson_ws/build/bbb_package': AMENT_PREFIX_PATH=/home/jetson/bbb_jetson_ws/install/serial:${AMENT_PREFIX_PATH} CMAKE_PREFIX_PATH=/home/jetson/bbb_jetson_ws/install/serial:/opt/ros/foxy LD_LIBRARY_PATH=/home/jetson/bbb_jetson_ws/install/serial/lib:${LD_LIBRARY_PATH} /usr/bin/cmake --build /home/jetson/bbb_jetson_ws/build/bbb_package -- -j4 -l4
[0.428s] [35m[1mScanning dependencies of target delta_angle_node[0m
[0.496s] [  9%] Built target read_IMU
[0.516s] [ 18%] Built target read_lidar
[0.533s] [ 22%] [32mBuilding CXX object CMakeFiles/delta_angle_node.dir/src/delta_angle_node.cpp.o[0m
[0.552s] [ 31%] Built target pid_node
[0.633s] [ 40%] Built target tune_node
[0.647s] [ 50%] Built target tune_fuzzy_node
[0.783s] [ 59%] Built target fuzzy_longitudinal_controllers
[0.811s] [35m[1mScanning dependencies of target straight_line_node[0m
[0.847s] [35m[1mScanning dependencies of target stanley_node[0m
[0.872s] [ 68%] Built target circumference_node
[0.944s] [ 72%] [32mBuilding CXX object CMakeFiles/straight_line_node.dir/src/straight_line_node.cpp.o[0m
[0.960s] [ 77%] [32mBuilding CXX object CMakeFiles/stanley_node.dir/src/stanley_node.cpp.o[0m
[1.083s] [ 86%] Built target sinusoidal_node
[6.166s] [01m[K/home/jetson/bbb_jetson_ws/src/bbb_package/src/delta_angle_node.cpp:[m[K In member function â€˜[01m[Kvoid FuzzyNodeTest::timer_callback()[m[Kâ€™:
[6.167s] [01m[K/home/jetson/bbb_jetson_ws/src/bbb_package/src/delta_angle_node.cpp:32:7:[m[K [01;31m[Kerror: [m[Kâ€˜[01m[Kpublisher_flag_[m[Kâ€™ was not declared in this scope
[6.167s]    32 |       [01;31m[Kpublisher_flag_[m[K->publish(message);
[6.168s]       |       [01;31m[K^~~~~~~~~~~~~~~[m[K
[9.599s] make[2]: *** [CMakeFiles/delta_angle_node.dir/build.make:63: CMakeFiles/delta_angle_node.dir/src/delta_angle_node.cpp.o] Error 1
[9.600s] make[1]: *** [CMakeFiles/Makefile2:179: CMakeFiles/delta_angle_node.dir/all] Error 2
[9.600s] make[1]: *** Waiting for unfinished jobs....
[19.327s] [ 90%] [32m[1mLinking CXX executable straight_line_node[0m
[20.357s] [ 90%] Built target straight_line_node
[24.842s] [ 95%] [32m[1mLinking CXX executable stanley_node[0m
[26.044s] [ 95%] Built target stanley_node
[26.046s] make: *** [Makefile:141: all] Error 2
[26.052s] Invoked command in '/home/jetson/bbb_jetson_ws/build/bbb_package' returned '2': AMENT_PREFIX_PATH=/home/jetson/bbb_jetson_ws/install/serial:${AMENT_PREFIX_PATH} CMAKE_PREFIX_PATH=/home/jetson/bbb_jetson_ws/install/serial:/opt/ros/foxy LD_LIBRARY_PATH=/home/jetson/bbb_jetson_ws/install/serial/lib:${LD_LIBRARY_PATH} /usr/bin/cmake --build /home/jetson/bbb_jetson_ws/build/bbb_package -- -j4 -l4
