[ 18%] Built target read_lidar
[ 27%] Built target read_pico
[ 27%] Built target read_IMU
[ 36%] Built target read_host
[35m[1mScanning dependencies of target fuzzy_node_test[0m
[ 45%] Built target tune_node
[ 54%] Built target pid_node
[ 63%] Built target straight_line_node
[ 68%] [32mBuilding CXX object CMakeFiles/fuzzy_node_test.dir/src/fuzzy_node_test.cpp.o[0m
[ 77%] Built target fuzzy_node
[ 86%] Built target sinusoidal_node
[ 95%] Built target circumference_node
[01m[K/home/jetson/bbb_jetson_ws/src/bbb_package/src/fuzzy_node_test.cpp:51:16:[m[K [01;31m[Kerror: [m[Kâ€˜[01m[Ksteadyclock[m[Kâ€™ in namespace â€˜[01m[Kstd::chrono[m[Kâ€™ does not name a type
   51 |   std::chrono::[01;31m[Ksteadyclock[m[K::time_point start_time;
      |                [01;31m[K^~~~~~~~~~~[m[K
[01m[K/home/jetson/bbb_jetson_ws/src/bbb_package/src/fuzzy_node_test.cpp:[m[K In constructor â€˜[01m[KFuzzyNodeTest::FuzzyNodeTest()[m[Kâ€™:
[01m[K/home/jetson/bbb_jetson_ws/src/bbb_package/src/fuzzy_node_test.cpp:19:5:[m[K [01;31m[Kerror: [m[Kâ€˜[01m[Kstart_time_[m[Kâ€™ was not declared in this scope
   19 |     [01;31m[Kstart_time_[m[K = std::chrono::steady_clock::now();
      |     [01;31m[K^~~~~~~~~~~[m[K
[01m[K/home/jetson/bbb_jetson_ws/src/bbb_package/src/fuzzy_node_test.cpp:20:5:[m[K [01;31m[Kerror: [m[Kâ€˜[01m[Kpublisher_velocity_fuzzy_[m[Kâ€™ was not declared in this scope; did you mean â€˜[01m[Kpublisher_velocity_fuzzy[m[Kâ€™?
   20 |     [01;31m[Kpublisher_velocity_fuzzy_[m[K = this->create_publisher<std_msgs::msg::Float64MultiArray>("/velocity_fuzzy", 3);
      |     [01;31m[K^~~~~~~~~~~~~~~~~~~~~~~~~[m[K
      |     [32m[Kpublisher_velocity_fuzzy[m[K
[01m[K/home/jetson/bbb_jetson_ws/src/bbb_package/src/fuzzy_node_test.cpp:21:5:[m[K [01;31m[Kerror: [m[Kâ€˜[01m[Ktimer_[m[Kâ€™ was not declared in this scope; did you mean â€˜[01m[Ktimer[m[Kâ€™?
   21 |     [01;31m[Ktimer_[m[K = this->create_wall_timer(std::chrono::milliseconds(10), std::bind(&FuzzyNodeTest::timer_callback, this));
      |     [01;31m[K^~~~~~[m[K
      |     [32m[Ktimer[m[K
[01m[K/home/jetson/bbb_jetson_ws/src/bbb_package/src/fuzzy_node_test.cpp:21:95:[m[K [01;31m[Kerror: [m[Kâ€˜[01m[Ktimer_callback[m[Kâ€™ is not a member of â€˜[01m[KFuzzyNodeTest[m[Kâ€™
   21 |     timer_ = this->create_wall_timer(std::chrono::milliseconds(10), std::bind(&FuzzyNodeTest::[01;31m[Ktimer_callback[m[K, this));
      |                                                                                               [01;31m[K^~~~~~~~~~~~~~[m[K
[01m[K/home/jetson/bbb_jetson_ws/src/bbb_package/src/fuzzy_node_test.cpp:[m[K In member function â€˜[01m[Kvoid FuzzyNodeTest::timercallback()[m[Kâ€™:
[01m[K/home/jetson/bbb_jetson_ws/src/bbb_package/src/fuzzy_node_test.cpp:28:94:[m[K [01;31m[Kerror: [m[Kâ€˜[01m[Kstart_time[m[Kâ€™ was not declared in this scope; did you mean â€˜[01m[Kstrptime[m[Kâ€™?
   28 |     auto elapsed_time = std::chrono::duration_cast<std::chrono::milliseconds>(current_time - [01;31m[Kstart_time[m[K).count() / 1000.0; // convert ms to s
      |                                                                                              [01;31m[K^~~~~~~~~~[m[K
      |                                                                                              [32m[Kstrptime[m[K
[01m[K/home/jetson/bbb_jetson_ws/src/bbb_package/src/fuzzy_node_test.cpp:30:20:[m[K [01;31m[Kerror: [m[Kâ€˜[01m[Kstdmsgs[m[Kâ€™ has not been declared
   30 |     auto message = [01;31m[Kstdmsgs[m[K::msg::Float64MultiArray();
      |                    [01;31m[K^~~~~~~[m[K
make[2]: *** [CMakeFiles/fuzzy_node_test.dir/build.make:63: CMakeFiles/fuzzy_node_test.dir/src/fuzzy_node_test.cpp.o] Error 1
make[1]: *** [CMakeFiles/Makefile2:287: CMakeFiles/fuzzy_node_test.dir/all] Error 2
make: *** [Makefile:141: all] Error 2
