[01m[K/home/jetson/bbb_jetson_ws/src/bbb_package/src/data_processing_node.cpp:[m[K In member function â€˜[01m[Kvoid DataProcessingNode::timer_callback()[m[Kâ€™:
[01m[K/home/jetson/bbb_jetson_ws/src/bbb_package/src/data_processing_node.cpp:49:23:[m[K [01;31m[Kerror: [m[Kâ€˜[01m[KdeltaDistance[m[Kâ€™ was not declared in this scope
   49 |     message.data[1] = [01;31m[KdeltaDistance[m[K;
      |                       [01;31m[K^~~~~~~~~~~~~[m[K
make[2]: *** [CMakeFiles/data_processing_node.dir/build.make:63: CMakeFiles/data_processing_node.dir/src/data_processing_node.cpp.o] Error 1
make[1]: *** [CMakeFiles/Makefile2:102: CMakeFiles/data_processing_node.dir/all] Error 2
make[1]: *** Waiting for unfinished jobs....
make: *** [Makefile:141: all] Error 2
