[35m[1mScanning dependencies of target data_processing_node[0m
[35m[1mScanning dependencies of target controllers_node[0m
[  7%] Built target read_IMU
[ 15%] Built target read_lidar
[ 19%] [32mBuilding CXX object CMakeFiles/controllers_node.dir/src/controllers_node.cpp.o[0m
[ 23%] [32mBuilding CXX object CMakeFiles/data_processing_node.dir/src/data_processing_node.cpp.o[0m
[ 30%] Built target delta_angle_node
[ 38%] Built target pid_node
[ 46%] Built target tune_fuzzy_node
[ 53%] Built target tune_node
[ 61%] Built target fuzzy_longitudinal_controllers
[ 69%] Built target circumference_node
[ 76%] Built target straight_line_node
[ 84%] Built target stanley_node
[ 92%] Built target sinusoidal_node
[01m[K/home/jetson/bbb_jetson_ws/src/bbb_package/src/data_processing_node.cpp:[m[K In member function â€˜[01m[Kvoid DataProcessingNode::timer_callback()[m[Kâ€™:
[01m[K/home/jetson/bbb_jetson_ws/src/bbb_package/src/data_processing_node.cpp:49:23:[m[K [01;31m[Kerror: [m[Kâ€˜[01m[KdeltaDistance[m[Kâ€™ was not declared in this scope
   49 |     message.data[1] = [01;31m[KdeltaDistance[m[K;
      |                       [01;31m[K^~~~~~~~~~~~~[m[K
make[2]: *** [CMakeFiles/data_processing_node.dir/build.make:63: CMakeFiles/data_processing_node.dir/src/data_processing_node.cpp.o] Error 1
make[1]: *** [CMakeFiles/Makefile2:102: CMakeFiles/data_processing_node.dir/all] Error 2
make[1]: *** Waiting for unfinished jobs....
[ 96%] [32m[1mLinking CXX executable controllers_node[0m
[ 96%] Built target controllers_node
make: *** [Makefile:141: all] Error 2
