[0.150s] Invoking command in '/home/jetson/bbb_jetson_ws/build/bbb_package': CMAKE_PREFIX_PATH=/home/jetson/bbb_jetson_ws/install/serial:/home/jetson/bbb_jetson_ws/install/ros2_laser_scan_matcher:/home/jetson/bbb_jetson_ws/install/diffdrive_arduino:/home/jetson/bbb_jetson_ws/install/bbb_package:/home/jetson/bbb_jetson_ws/install/micro_ros_setup:/home/jetson/bbb_jetson_ws/install/csm:/home/jetson/bbb_jetson_ws/install/bbb_robot:/opt/ros/foxy /usr/bin/cmake --build /home/jetson/bbb_jetson_ws/build/bbb_package -- -j4 -l4
[0.621s] [35m[1mScanning dependencies of target data_processing_node[0m
[0.622s] [35m[1mScanning dependencies of target controllers_node[0m
[0.901s] [  7%] Built target read_IMU
[1.041s] [ 15%] Built target read_lidar
[1.104s] [ 19%] [32mBuilding CXX object CMakeFiles/controllers_node.dir/src/controllers_node.cpp.o[0m
[1.116s] [ 23%] [32mBuilding CXX object CMakeFiles/data_processing_node.dir/src/data_processing_node.cpp.o[0m
[1.466s] [ 30%] Built target delta_angle_node
[1.523s] [ 38%] Built target pid_node
[2.185s] [ 46%] Built target tune_fuzzy_node
[2.228s] [ 53%] Built target tune_node
[2.722s] [ 61%] Built target fuzzy_longitudinal_controllers
[2.978s] [ 69%] Built target circumference_node
[3.479s] [ 76%] Built target straight_line_node
[4.194s] [ 84%] Built target stanley_node
[4.405s] [ 92%] Built target sinusoidal_node
[13.667s] [01m[K/home/jetson/bbb_jetson_ws/src/bbb_package/src/data_processing_node.cpp:[m[K In member function â€˜[01m[Kvoid DataProcessingNode::timer_callback()[m[Kâ€™:
[13.668s] [01m[K/home/jetson/bbb_jetson_ws/src/bbb_package/src/data_processing_node.cpp:49:23:[m[K [01;31m[Kerror: [m[Kâ€˜[01m[KdeltaDistance[m[Kâ€™ was not declared in this scope
[13.669s]    49 |     message.data[1] = [01;31m[KdeltaDistance[m[K;
[13.671s]       |                       [01;31m[K^~~~~~~~~~~~~[m[K
[28.940s] make[2]: *** [CMakeFiles/data_processing_node.dir/build.make:63: CMakeFiles/data_processing_node.dir/src/data_processing_node.cpp.o] Error 1
[28.945s] make[1]: *** [CMakeFiles/Makefile2:102: CMakeFiles/data_processing_node.dir/all] Error 2
[28.948s] make[1]: *** Waiting for unfinished jobs....
[35.150s] [ 96%] [32m[1mLinking CXX executable controllers_node[0m
[36.169s] [ 96%] Built target controllers_node
[36.175s] make: *** [Makefile:141: all] Error 2
[36.183s] Invoked command in '/home/jetson/bbb_jetson_ws/build/bbb_package' returned '2': CMAKE_PREFIX_PATH=/home/jetson/bbb_jetson_ws/install/serial:/home/jetson/bbb_jetson_ws/install/ros2_laser_scan_matcher:/home/jetson/bbb_jetson_ws/install/diffdrive_arduino:/home/jetson/bbb_jetson_ws/install/bbb_package:/home/jetson/bbb_jetson_ws/install/micro_ros_setup:/home/jetson/bbb_jetson_ws/install/csm:/home/jetson/bbb_jetson_ws/install/bbb_robot:/opt/ros/foxy /usr/bin/cmake --build /home/jetson/bbb_jetson_ws/build/bbb_package -- -j4 -l4
