[35m[1mScanning dependencies of target data_processing_node_trap[0m
[  5%] Built target data_processing_node_zz
[ 11%] Built target data_processing_node_straight
[ 14%] [32mBuilding CXX object CMakeFiles/data_processing_node_trap.dir/src/data_processing_node_trap.cpp.o[0m
[ 20%] Built target data_processing_node_circle
[ 26%] Built target data_processing_node
[ 32%] Built target controllers_node
[ 38%] Built target read_IMU
[ 44%] Built target read_lidar
[ 50%] Built target pid_node
[ 55%] Built target delta_angle_node
[ 61%] Built target tune_node
[ 67%] Built target fuzzy_longitudinal_controllers
[ 73%] Built target tune_fuzzy_node
[ 79%] Built target circumference_node
[ 85%] Built target straight_line_node
[ 91%] Built target stanley_node
[ 97%] Built target sinusoidal_node
[01m[K/home/jetson/bbb_jetson_ws/src/bbb_package/src/data_processing_node_trap.cpp:[m[K In member function â€˜[01m[Kvoid DataProcessingNode::timer_callback()[m[Kâ€™:
[01m[K/home/jetson/bbb_jetson_ws/src/bbb_package/src/data_processing_node_trap.cpp:111:31:[m[K [01;31m[Kerror: [m[Kexpected primary-expression before â€˜[01m[K>[m[Kâ€™ token
  111 | index == pre_index && [01;31m[K>[m[K200) index = index +5;
      |                       [01;31m[K^[m[K

make[2]: *** [CMakeFiles/data_processing_node_trap.dir/build.make:63: CMakeFiles/data_processing_node_trap.dir/src/data_processing_node_trap.cpp.o] Error 1
make[1]: *** [CMakeFiles/Makefile2:110: CMakeFiles/data_processing_node_trap.dir/all] Error 2
make: *** [Makefile:141: all] Error 2
