[0.691s] Invoking command in '/home/jetson/bbb_jetson_ws/build/bbb_package': AMENT_PREFIX_PATH=/home/jetson/bbb_jetson_ws/install/serial:${AMENT_PREFIX_PATH} CMAKE_PREFIX_PATH=/home/jetson/bbb_jetson_ws/install/serial:/opt/ros/foxy LD_LIBRARY_PATH=/home/jetson/bbb_jetson_ws/install/serial/lib:${LD_LIBRARY_PATH} /usr/bin/cmake --build /home/jetson/bbb_jetson_ws/build/bbb_package -- -j4 -l4
[0.965s] [35m[1mScanning dependencies of target read_IMU[0m
[1.317s] [ 10%] Built target delta_angle_node
[1.464s] [ 20%] Built target pid_node
[1.684s] [ 25%] [32mBuilding CXX object CMakeFiles/read_IMU.dir/src/read_IMU.cpp.o[0m
[1.824s] [ 35%] Built target read_lidar
[2.073s] [35m[1mScanning dependencies of target fuzzy_longitudinal_controllers[0m
[2.218s] [ 45%] Built target tune_fuzzy_node
[2.297s] [ 55%] Built target tune_node
[2.908s] [ 65%] Built target straight_line_node
[3.135s] [ 70%] [32mBuilding CXX object CMakeFiles/fuzzy_longitudinal_controllers.dir/src/fuzzy_longitudinal_controllers.cpp.o[0m
[3.406s] [ 80%] Built target circumference_node
[3.780s] [ 90%] Built target sinusoidal_node
[12.963s] [01m[K/home/jetson/bbb_jetson_ws/src/bbb_package/src/read_IMU.cpp:[m[K In member function â€˜[01m[Kvoid SerialNode::timer_callback()[m[Kâ€™:
[12.965s] [01m[K/home/jetson/bbb_jetson_ws/src/bbb_package/src/read_IMU.cpp:96:13:[m[K [01;31m[Kerror: [m[Kâ€˜[01m[Kcounter[m[Kâ€™ was not declared in this scope
[12.966s]    96 |             [01;31m[Kcounter[m[K ++;
[12.967s]       |             [01;31m[K^~~~~~~[m[K
[12.968s] [01m[K/home/jetson/bbb_jetson_ws/src/bbb_package/src/read_IMU.cpp:104:13:[m[K [01;31m[Kerror: [m[Kexpected primary-expression before â€˜[01m[Kauto[m[Kâ€™
[12.970s]   104 |             [01;31m[Kauto[m[K message = std_msgs::msg::Float64MultiArray();
[12.971s]       |             [01;31m[K^~~~[m[K
[12.981s] [01m[K/home/jetson/bbb_jetson_ws/src/bbb_package/src/read_IMU.cpp:105:13:[m[K [01;31m[Kerror: [m[Kâ€˜[01m[Kmessage[m[Kâ€™ was not declared in this scope
[12.982s]   105 |             [01;31m[Kmessage[m[K.data.resize(1);
[12.983s]       |             [01;31m[K^~~~~~~[m[K
[13.034s] [01m[K/home/jetson/bbb_jetson_ws/src/bbb_package/src/read_IMU.cpp:[m[K In function â€˜[01m[Kint main(int, char**)[m[Kâ€™:
[13.041s] [01m[K/home/jetson/bbb_jetson_ws/src/bbb_package/src/read_IMU.cpp:116:9:[m[K [01;35m[Kwarning: [m[Kunused variable â€˜[01m[Kcounter[m[Kâ€™ [[01;35m[K-Wunused-variable[m[K]
[13.043s]   116 |     int [01;35m[Kcounter[m[K = 0;
[13.044s]       |         [01;35m[K^~~~~~~[m[K
[18.820s] make[2]: *** [CMakeFiles/read_IMU.dir/build.make:63: CMakeFiles/read_IMU.dir/src/read_IMU.cpp.o] Error 1
[18.828s] make[1]: *** [CMakeFiles/Makefile2:96: CMakeFiles/read_IMU.dir/all] Error 2
[18.829s] make[1]: *** Waiting for unfinished jobs....
[31.337s] [ 95%] [32m[1mLinking CXX executable fuzzy_longitudinal_controllers[0m
[32.550s] [ 95%] Built target fuzzy_longitudinal_controllers
[32.557s] make: *** [Makefile:141: all] Error 2
[32.567s] Invoked command in '/home/jetson/bbb_jetson_ws/build/bbb_package' returned '2': AMENT_PREFIX_PATH=/home/jetson/bbb_jetson_ws/install/serial:${AMENT_PREFIX_PATH} CMAKE_PREFIX_PATH=/home/jetson/bbb_jetson_ws/install/serial:/opt/ros/foxy LD_LIBRARY_PATH=/home/jetson/bbb_jetson_ws/install/serial/lib:${LD_LIBRARY_PATH} /usr/bin/cmake --build /home/jetson/bbb_jetson_ws/build/bbb_package -- -j4 -l4
