[35m[1mScanning dependencies of target data_processing_node_straight[0m
[  7%] Built target data_processing_node
[ 14%] Built target controllers_node
[ 21%] Built target read_IMU
[ 25%] [32mBuilding CXX object CMakeFiles/data_processing_node_straight.dir/src/data_processing_node_straight.cpp.o[0m
[ 32%] Built target read_lidar
[ 39%] Built target pid_node
[ 46%] Built target delta_angle_node
[ 53%] Built target tune_node
[ 60%] Built target fuzzy_longitudinal_controllers
[ 67%] Built target tune_fuzzy_node
[ 75%] Built target circumference_node
[ 82%] Built target straight_line_node
[ 89%] Built target sinusoidal_node
[ 96%] Built target stanley_node
[01m[K/home/jetson/bbb_jetson_ws/src/bbb_package/src/data_processing_node_straight.cpp:[m[K In member function â€˜[01m[Kvoid DataProcessingNode::tf_callback(tf2_msgs::msg::TFMessage_<std::allocator<void> >::SharedPtr)[m[Kâ€™:
[01m[K/home/jetson/bbb_jetson_ws/src/bbb_package/src/data_processing_node_straight.cpp:137:28:[m[K [01;31m[Kerror: [m[Kâ€˜[01m[Kd_min[m[Kâ€™ was not declared in this scope
  137 |         message2.data[4] = [01;31m[Kd_min[m[K;
      |                            [01;31m[K^~~~~[m[K
make[2]: *** [CMakeFiles/data_processing_node_straight.dir/build.make:63: CMakeFiles/data_processing_node_straight.dir/src/data_processing_node_straight.cpp.o] Error 1
make[1]: *** [CMakeFiles/Makefile2:104: CMakeFiles/data_processing_node_straight.dir/all] Error 2
make: *** [Makefile:141: all] Error 2
