[35m[1mScanning dependencies of target read_IMU[0m
[ 33%] Built target read_host
[ 50%] [32mBuilding CXX object CMakeFiles/read_IMU.dir/src/read_IMU.cpp.o[0m
[ 83%] Built target read_pico
[01m[K/home/jetson/bbb_jetson_ws/src/bbb_package/src/read_IMU.cpp:[m[K In member function â€˜[01m[Kvoid SerialNode::readSerialData()[m[Kâ€™:
[01m[K/home/jetson/bbb_jetson_ws/src/bbb_package/src/read_IMU.cpp:32:20:[m[K [01;31m[Kerror: [m[Kâ€˜[01m[Ksp[m[Kâ€™ was not declared in this scope
   32 |             data = [01;31m[Ksp[m[K.readline(100, "\r\n");
      |                    [01;31m[K^~[m[K
make[2]: *** [CMakeFiles/read_IMU.dir/build.make:63: CMakeFiles/read_IMU.dir/src/read_IMU.cpp.o] Error 1
make[1]: *** [CMakeFiles/Makefile2:136: CMakeFiles/read_IMU.dir/all] Error 2
make: *** [Makefile:141: all] Error 2
