[0.625s] Invoking command in '/home/jetson/bbb_jetson_ws/build/bbb_package': CMAKE_PREFIX_PATH=/home/jetson/bbb_jetson_ws/install/serial:/home/jetson/bbb_jetson_ws/install/ros2_laser_scan_matcher:/home/jetson/bbb_jetson_ws/install/diffdrive_arduino:/home/jetson/bbb_jetson_ws/install/bbb_package:/home/jetson/bbb_jetson_ws/install/micro_ros_setup:/home/jetson/bbb_jetson_ws/install/csm:/home/jetson/bbb_jetson_ws/install/bbb_robot:/opt/ros/foxy /usr/bin/cmake --build /home/jetson/bbb_jetson_ws/build/bbb_package -- -j4 -l4
[0.765s] [35m[1mScanning dependencies of target read_IMU[0m
[0.839s] [ 33%] Built target read_host
[0.849s] [ 66%] Built target read_pico
[0.875s] [ 83%] [32mBuilding CXX object CMakeFiles/read_IMU.dir/src/read_IMU.cpp.o[0m
[5.230s] [01m[K/home/jetson/bbb_jetson_ws/src/bbb_package/src/read_IMU.cpp:[m[K In member function â€˜[01m[Kvoid SerialNode::readSerialData()[m[Kâ€™:
[5.230s] [01m[K/home/jetson/bbb_jetson_ws/src/bbb_package/src/read_IMU.cpp:43:4:[m[K [01;31m[Kerror: [m[Kâ€˜[01m[Ksubdata[m[Kâ€™ was not declared in this scope; did you mean â€˜[01m[Kdata[m[Kâ€™?
[5.231s]    43 |    [01;31m[Ksubdata[m[K.push_back(roll_str);
[5.231s]       |    [01;31m[K^~~~~~~[m[K
[5.231s]       |    [32m[Kdata[m[K
[5.236s] [01m[K/home/jetson/bbb_jetson_ws/src/bbb_package/src/read_IMU.cpp:49:4:[m[K [01;31m[Kerror: [m[Kâ€˜[01m[Kroll[m[Kâ€™ was not declared in this scope
[5.236s]    49 |    [01;31m[Kroll[m[K = (std::strtod(subdata[0].c_str(),0))*0.001;
[5.237s]       |    [01;31m[K^~~~[m[K
[5.242s] [01m[K/home/jetson/bbb_jetson_ws/src/bbb_package/src/read_IMU.cpp:50:4:[m[K [01;31m[Kerror: [m[Kâ€˜[01m[Kpitch[m[Kâ€™ was not declared in this scope
[5.242s]    50 |    [01;31m[Kpitch[m[K = (std::strtod(subdata[1].c_str(),0))*0.001;
[5.243s]       |    [01;31m[K^~~~~[m[K
[5.248s] [01m[K/home/jetson/bbb_jetson_ws/src/bbb_package/src/read_IMU.cpp:51:4:[m[K [01;31m[Kerror: [m[Kâ€˜[01m[Kyaw[m[Kâ€™ was not declared in this scope
[5.248s]    51 |    [01;31m[Kyaw[m[K = (std::strtod(subdata[2].c_str(),0))*0.001;
[5.248s]       |    [01;31m[K^~~[m[K
[6.555s] make[2]: *** [CMakeFiles/read_IMU.dir/build.make:63: CMakeFiles/read_IMU.dir/src/read_IMU.cpp.o] Error 1
[6.556s] make[1]: *** [CMakeFiles/Makefile2:136: CMakeFiles/read_IMU.dir/all] Error 2
[6.556s] make: *** [Makefile:141: all] Error 2
[6.561s] Invoked command in '/home/jetson/bbb_jetson_ws/build/bbb_package' returned '2': CMAKE_PREFIX_PATH=/home/jetson/bbb_jetson_ws/install/serial:/home/jetson/bbb_jetson_ws/install/ros2_laser_scan_matcher:/home/jetson/bbb_jetson_ws/install/diffdrive_arduino:/home/jetson/bbb_jetson_ws/install/bbb_package:/home/jetson/bbb_jetson_ws/install/micro_ros_setup:/home/jetson/bbb_jetson_ws/install/csm:/home/jetson/bbb_jetson_ws/install/bbb_robot:/opt/ros/foxy /usr/bin/cmake --build /home/jetson/bbb_jetson_ws/build/bbb_package -- -j4 -l4
