[0.630s] Invoking command in '/home/jetson/bbb_jetson_ws/build/bbb_package': CMAKE_PREFIX_PATH=/home/jetson/bbb_jetson_ws/install/serial:/home/jetson/bbb_jetson_ws/install/ros2_laser_scan_matcher:/home/jetson/bbb_jetson_ws/install/diffdrive_arduino:/home/jetson/bbb_jetson_ws/install/bbb_package:/home/jetson/bbb_jetson_ws/install/micro_ros_setup:/home/jetson/bbb_jetson_ws/install/csm:/home/jetson/bbb_jetson_ws/install/bbb_robot:/opt/ros/foxy /usr/bin/cmake --build /home/jetson/bbb_jetson_ws/build/bbb_package -- -j4 -l4
[0.920s] [  9%] Built target read_lidar
[0.931s] [ 18%] Built target read_IMU
[0.932s] [ 27%] Built target read_pico
[0.941s] [ 36%] Built target read_host
[0.995s] [35m[1mScanning dependencies of target pid_node[0m
[1.023s] [35m[1mScanning dependencies of target tune_node[0m
[1.269s] [ 45%] Built target straight_line_node
[1.274s] [ 54%] Built target fuzzy_node_test
[1.287s] [ 59%] [32mBuilding CXX object CMakeFiles/tune_node.dir/src/tune_node.cpp.o[0m
[1.295s] [ 63%] [32mBuilding CXX object CMakeFiles/pid_node.dir/src/pid_node.cpp.o[0m
[1.617s] [ 72%] Built target sinusoidal_node
[1.674s] [ 81%] Built target fuzzy_node
[1.890s] [ 90%] Built target circumference_node
[7.087s] [01m[K/home/jetson/bbb_jetson_ws/src/bbb_package/src/tune_node.cpp:[m[K In constructor â€˜[01m[KTuneNode::TuneNode()[m[Kâ€™:
[7.096s] [01m[K/home/jetson/bbb_jetson_ws/src/bbb_package/src/tune_node.cpp:16:9:[m[K [01;31m[Kerror: [m[Kâ€˜[01m[Ksubscription_pwm_[m[Kâ€™ was not declared in this scope
[7.097s]    16 |         [01;31m[Ksubscription_pwm_[m[K = this->create_subscription<std_msgs::msg::Float64MultiArray>(
[7.098s]       |         [01;31m[K^~~~~~~~~~~~~~~~~[m[K
[7.102s] [01m[K/home/jetson/bbb_jetson_ws/src/bbb_package/src/tune_node.cpp:20:9:[m[K [01;31m[Kerror: [m[Kâ€˜[01m[Klog_file_pwm_[m[Kâ€™ was not declared in this scope; did you mean â€˜[01m[Klog_file_[m[Kâ€™?
[7.103s]    20 |         [01;31m[Klog_file_pwm_[m[K.open("data_pwm.txt", std::ofstream::out | std::ofstream::app);
[7.103s]       |         [01;31m[K^~~~~~~~~~~~~[m[K
[7.104s]       |         [32m[Klog_file_[m[K
[7.137s] [01m[K/home/jetson/bbb_jetson_ws/src/bbb_package/src/tune_node.cpp:[m[K In member function â€˜[01m[Kvoid TuneNode::pwm_callback(std_msgs::msg::Float64MultiArray_<std::allocator<void> >::SharedPtr)[m[Kâ€™:
[7.138s] [01m[K/home/jetson/bbb_jetson_ws/src/bbb_package/src/tune_node.cpp:38:17:[m[K [01;31m[Kerror: [m[Kâ€˜[01m[Klog_file_pwm_[m[Kâ€™ was not declared in this scope; did you mean â€˜[01m[Klog_file_[m[Kâ€™?
[7.138s]    38 |                 [01;31m[Klog_file_pwm_[m[K << data << " ";
[7.139s]       |                 [01;31m[K^~~~~~~~~~~~~[m[K
[7.140s]       |                 [32m[Klog_file_[m[K
[7.148s] [01m[K/home/jetson/bbb_jetson_ws/src/bbb_package/src/tune_node.cpp:40:13:[m[K [01;31m[Kerror: [m[Kâ€˜[01m[Klog_file_pwm_[m[Kâ€™ was not declared in this scope; did you mean â€˜[01m[Klog_file_[m[Kâ€™?
[7.149s]    40 |             [01;31m[Klog_file_pwm_[m[K << std::endl;
[7.150s]       |             [01;31m[K^~~~~~~~~~~~~[m[K
[7.152s]       |             [32m[Klog_file_[m[K
[12.598s] make[2]: *** [CMakeFiles/tune_node.dir/build.make:63: CMakeFiles/tune_node.dir/src/tune_node.cpp.o] Error 1
[12.599s] make[1]: *** [CMakeFiles/Makefile2:260: CMakeFiles/tune_node.dir/all] Error 2
[12.599s] make[1]: *** Waiting for unfinished jobs....
[20.739s] [ 95%] [32m[1mLinking CXX executable pid_node[0m
[21.611s] [ 95%] Built target pid_node
[21.615s] make: *** [Makefile:141: all] Error 2
[21.620s] Invoked command in '/home/jetson/bbb_jetson_ws/build/bbb_package' returned '2': CMAKE_PREFIX_PATH=/home/jetson/bbb_jetson_ws/install/serial:/home/jetson/bbb_jetson_ws/install/ros2_laser_scan_matcher:/home/jetson/bbb_jetson_ws/install/diffdrive_arduino:/home/jetson/bbb_jetson_ws/install/bbb_package:/home/jetson/bbb_jetson_ws/install/micro_ros_setup:/home/jetson/bbb_jetson_ws/install/csm:/home/jetson/bbb_jetson_ws/install/bbb_robot:/opt/ros/foxy /usr/bin/cmake --build /home/jetson/bbb_jetson_ws/build/bbb_package -- -j4 -l4
