[35m[1mScanning dependencies of target data_processing_node_trap[0m
[  5%] Built target data_processing_node_zz
[ 10%] Built target data_processing_node_straight
[ 15%] Built target data_processing_node_circle
[ 18%] [32mBuilding CXX object CMakeFiles/data_processing_node_trap.dir/src/data_processing_node_trap.cpp.o[0m
[ 23%] Built target data_processing_node
[ 28%] Built target read_IMU
[ 34%] Built target controllers_node
[ 39%] Built target read_lidar
[ 44%] Built target pid_node
[ 50%] Built target delta_angle_node
[ 55%] Built target tune_fuzzy_node
[ 60%] Built target tune_node
[ 65%] Built target data_processing_node_eight
[ 71%] Built target lidar_tune
[ 76%] Built target fuzzy_longitudinal_controllers
[ 81%] Built target circumference_node
[ 86%] Built target stanley_node
[ 92%] Built target straight_line_node
[ 97%] Built target sinusoidal_node
[01m[K/home/jetson/bbb_jetson_ws/src/bbb_package/src/data_processing_node_trap.cpp:[m[K In member function â€˜[01m[Kvoid DataProcessingNode::timer_callback()[m[Kâ€™:
[01m[K/home/jetson/bbb_jetson_ws/src/bbb_package/src/data_processing_node_trap.cpp:365:7:[m[K [01;31m[Kerror: [m[Kâ€˜[01m[Karctannn[m[Kâ€™ was not declared in this scope; did you mean â€˜[01m[Karctann[m[Kâ€™?
  365 |       [01;31m[Karctannn[m[K = -arctann;
      |       [01;31m[K^~~~~~~~[m[K
      |       [32m[Karctann[m[K
[01m[K/home/jetson/bbb_jetson_ws/src/bbb_package/src/data_processing_node_trap.cpp:372:7:[m[K [01;31m[Kerror: [m[Kâ€˜[01m[Karctannn[m[Kâ€™ was not declared in this scope; did you mean â€˜[01m[Karctann[m[Kâ€™?
  372 |       [01;31m[Karctannn[m[K =  + arctann;
      |       [01;31m[K^~~~~~~~[m[K
      |       [32m[Karctann[m[K
[01m[K/home/jetson/bbb_jetson_ws/src/bbb_package/src/data_processing_node_trap.cpp:[m[K In member function â€˜[01m[Kvoid DataProcessingNode::tf_callback(tf2_msgs::msg::TFMessage_<std::allocator<void> >::SharedPtr)[m[Kâ€™:
[01m[K/home/jetson/bbb_jetson_ws/src/bbb_package/src/data_processing_node_trap.cpp:420:27:[m[K [01;31m[Kerror: [m[Kâ€˜[01m[Karctannn[m[Kâ€™ was not declared in this scope
  420 | age2.data[8]= [01;31m[Karctannn[m[K*180/M_PI;
      |               [01;31m[K^~~~~~~~[m[K

make[2]: *** [CMakeFiles/data_processing_node_trap.dir/build.make:63: CMakeFiles/data_processing_node_trap.dir/src/data_processing_node_trap.cpp.o] Error 1
make[1]: *** [CMakeFiles/Makefile2:114: CMakeFiles/data_processing_node_trap.dir/all] Error 2
make: *** [Makefile:141: all] Error 2
