[0.041s] Invoking command in '/home/jetson/bbb_jetson_ws/build/bbb_package': CMAKE_PREFIX_PATH=/home/jetson/bbb_jetson_ws/install/serial:/home/jetson/bbb_jetson_ws/install/tune_package:/home/jetson/bbb_jetson_ws/install/ros2_laser_scan_matcher:/home/jetson/bbb_jetson_ws/install/diffdrive_arduino:/home/jetson/bbb_jetson_ws/install/bbb_package:/home/jetson/bbb_jetson_ws/install/micro_ros_setup:/home/jetson/bbb_jetson_ws/install/csm:/home/jetson/bbb_jetson_ws/install/bbb_robot:/opt/ros/foxy /usr/bin/cmake --build /home/jetson/bbb_jetson_ws/build/bbb_package -- -j4 -l4
[0.187s] [35m[1mScanning dependencies of target data_processing_node_trap[0m
[0.292s] [  5%] Built target data_processing_node_zz
[0.300s] [ 10%] Built target data_processing_node_straight
[0.321s] [ 15%] Built target data_processing_node_circle
[0.353s] [ 18%] [32mBuilding CXX object CMakeFiles/data_processing_node_trap.dir/src/data_processing_node_trap.cpp.o[0m
[0.508s] [ 23%] Built target data_processing_node
[0.509s] [ 28%] Built target read_IMU
[0.531s] [ 34%] Built target controllers_node
[0.692s] [ 39%] Built target read_lidar
[0.698s] [ 44%] Built target pid_node
[0.703s] [ 50%] Built target delta_angle_node
[0.840s] [ 55%] Built target tune_fuzzy_node
[0.850s] [ 60%] Built target tune_node
[0.862s] [ 65%] Built target data_processing_node_eight
[1.007s] [ 71%] Built target lidar_tune
[1.027s] [ 76%] Built target fuzzy_longitudinal_controllers
[1.042s] [ 81%] Built target circumference_node
[1.184s] [ 86%] Built target stanley_node
[1.204s] [ 92%] Built target straight_line_node
[1.204s] [ 97%] Built target sinusoidal_node
[5.651s] [01m[K/home/jetson/bbb_jetson_ws/src/bbb_package/src/data_processing_node_trap.cpp:[m[K In member function â€˜[01m[Kvoid DataProcessingNode::timer_callback()[m[Kâ€™:
[5.651s] [01m[K/home/jetson/bbb_jetson_ws/src/bbb_package/src/data_processing_node_trap.cpp:365:7:[m[K [01;31m[Kerror: [m[Kâ€˜[01m[Karctannn[m[Kâ€™ was not declared in this scope; did you mean â€˜[01m[Karctann[m[Kâ€™?
[5.652s]   365 |       [01;31m[Karctannn[m[K = -arctann;
[5.652s]       |       [01;31m[K^~~~~~~~[m[K
[5.652s]       |       [32m[Karctann[m[K
[5.658s] [01m[K/home/jetson/bbb_jetson_ws/src/bbb_package/src/data_processing_node_trap.cpp:372:7:[m[K [01;31m[Kerror: [m[Kâ€˜[01m[Karctannn[m[Kâ€™ was not declared in this scope; did you mean â€˜[01m[Karctann[m[Kâ€™?
[5.659s]   372 |       [01;31m[Karctannn[m[K =  + arctann;
[5.659s]       |       [01;31m[K^~~~~~~~[m[K
[5.659s]       |       [32m[Karctann[m[K
[5.728s] [01m[K/home/jetson/bbb_jetson_ws/src/bbb_package/src/data_processing_node_trap.cpp:[m[K In member function â€˜[01m[Kvoid DataProcessingNode::tf_callback(tf2_msgs::msg::TFMessage_<std::allocator<void> >::SharedPtr)[m[Kâ€™:
[5.729s] [01m[K/home/jetson/bbb_jetson_ws/src/bbb_package/src/data_processing_node_trap.cpp:420:27:[m[K [01;31m[Kerror: [m[Kâ€˜[01m[Karctannn[m[Kâ€™ was not declared in this scope
[5.729s]   420 | age2.data[8]= [01;31m[Karctannn[m[K*180/M_PI;
[5.730s]       |               [01;31m[K^~~~~~~~[m[K
[5.730s] 
[14.008s] make[2]: *** [CMakeFiles/data_processing_node_trap.dir/build.make:63: CMakeFiles/data_processing_node_trap.dir/src/data_processing_node_trap.cpp.o] Error 1
[14.009s] make[1]: *** [CMakeFiles/Makefile2:114: CMakeFiles/data_processing_node_trap.dir/all] Error 2
[14.009s] make: *** [Makefile:141: all] Error 2
[14.015s] Invoked command in '/home/jetson/bbb_jetson_ws/build/bbb_package' returned '2': CMAKE_PREFIX_PATH=/home/jetson/bbb_jetson_ws/install/serial:/home/jetson/bbb_jetson_ws/install/tune_package:/home/jetson/bbb_jetson_ws/install/ros2_laser_scan_matcher:/home/jetson/bbb_jetson_ws/install/diffdrive_arduino:/home/jetson/bbb_jetson_ws/install/bbb_package:/home/jetson/bbb_jetson_ws/install/micro_ros_setup:/home/jetson/bbb_jetson_ws/install/csm:/home/jetson/bbb_jetson_ws/install/bbb_robot:/opt/ros/foxy /usr/bin/cmake --build /home/jetson/bbb_jetson_ws/build/bbb_package -- -j4 -l4
