[0.624s] Invoking command in '/home/jetson/bbb_jetson_ws/build/bbb_package': CMAKE_PREFIX_PATH=/home/jetson/bbb_jetson_ws/install/serial:/home/jetson/bbb_jetson_ws/install/ros2_laser_scan_matcher:/home/jetson/bbb_jetson_ws/install/diffdrive_arduino:/home/jetson/bbb_jetson_ws/install/bbb_package:/home/jetson/bbb_jetson_ws/install/micro_ros_setup:/home/jetson/bbb_jetson_ws/install/csm:/home/jetson/bbb_jetson_ws/install/bbb_robot:/opt/ros/foxy /usr/bin/cmake --build /home/jetson/bbb_jetson_ws/build/bbb_package -- -j4 -l4
[0.710s] -- Found ament_cmake: 0.9.12 (/opt/ros/foxy/share/ament_cmake/cmake)
[0.777s] -- Using PYTHON_EXECUTABLE: /usr/bin/python3
[1.399s] -- Override CMake install command with custom implementation using symlinks instead of copying resources
[1.420s] -- Found rclcpp: 2.4.3 (/opt/ros/foxy/share/rclcpp/cmake)
[1.533s] -- Using all available rosidl_typesupport_c: rosidl_typesupport_fastrtps_c;rosidl_typesupport_introspection_c
[1.544s] -- Found rosidl_adapter: 1.3.1 (/opt/ros/foxy/share/rosidl_adapter/cmake)
[1.954s] -- Using all available rosidl_typesupport_cpp: rosidl_typesupport_fastrtps_cpp;rosidl_typesupport_introspection_cpp
[2.119s] -- Found rmw_implementation_cmake: 1.0.4 (/opt/ros/foxy/share/rmw_implementation_cmake/cmake)
[2.124s] -- Using RMW implementation 'rmw_fastrtps_cpp' as default
[2.617s] -- Found geometry_msgs: 2.0.5 (/opt/ros/foxy/share/geometry_msgs/cmake)
[2.730s] -- Found serial: 1.2.1 (/home/jetson/bbb_jetson_ws/install/serial/share/serial/cmake)
[2.735s] -- Found tf2_msgs: 0.13.14 (/opt/ros/foxy/share/tf2_msgs/cmake)
[3.384s] -- Found ament_lint_auto: 0.9.8 (/opt/ros/foxy/share/ament_lint_auto/cmake)
[3.596s] -- Added test 'cppcheck' to perform static code analysis on C / C++ code
[3.596s] -- Configured cppcheck include dirs: 
[3.597s] -- Configured cppcheck exclude dirs and/or files: 
[3.598s] -- Added test 'flake8' to check Python code syntax and style conventions
[3.599s] -- Added test 'lint_cmake' to check CMake code style
[3.600s] -- Added test 'pep257' to check Python code against some of the style conventions in PEP 257
[3.604s] -- Added test 'uncrustify' to check C / C++ code style
[3.604s] -- Configured uncrustify additional arguments: 
[3.605s] -- Added test 'xmllint' to check XML markup files
[3.616s] -- Configuring done
[3.676s] -- Generating done
[3.682s] -- Build files have been written to: /home/jetson/bbb_jetson_ws/build/bbb_package
[3.837s] [ 25%] Built target read_host
[3.840s] [ 50%] Built target read_pico
[3.845s] [ 62%] [32mBuilding CXX object CMakeFiles/read_lidar.dir/src/read_lidar.cpp.o[0m
[3.850s] [ 87%] Built target read_IMU
[4.153s] [01m[K/home/jetson/bbb_jetson_ws/src/bbb_package/src/read_lidar.cpp:7:10:[m[K [01;31m[Kfatal error: [m[Ktf2_msgs/msg/TFMessage.msg: No such file or directory
[4.154s]     7 | #include [01;31m[K<tf2_msgs/msg/TFMessage.msg>[m[K
[4.154s]       |          [01;31m[K^~~~~~~~~~~~~~~~~~~~~~~~~~~~[m[K
[4.154s] compilation terminated.
[4.160s] make[2]: *** [CMakeFiles/read_lidar.dir/build.make:63: CMakeFiles/read_lidar.dir/src/read_lidar.cpp.o] Error 1
[4.161s] make[1]: *** [CMakeFiles/Makefile2:111: CMakeFiles/read_lidar.dir/all] Error 2
[4.161s] make: *** [Makefile:141: all] Error 2
[4.166s] Invoked command in '/home/jetson/bbb_jetson_ws/build/bbb_package' returned '2': CMAKE_PREFIX_PATH=/home/jetson/bbb_jetson_ws/install/serial:/home/jetson/bbb_jetson_ws/install/ros2_laser_scan_matcher:/home/jetson/bbb_jetson_ws/install/diffdrive_arduino:/home/jetson/bbb_jetson_ws/install/bbb_package:/home/jetson/bbb_jetson_ws/install/micro_ros_setup:/home/jetson/bbb_jetson_ws/install/csm:/home/jetson/bbb_jetson_ws/install/bbb_robot:/opt/ros/foxy /usr/bin/cmake --build /home/jetson/bbb_jetson_ws/build/bbb_package -- -j4 -l4
