[0.043s] Invoking command in '/home/jetson/bbb_jetson_ws/build/bbb_package': CMAKE_PREFIX_PATH=/home/jetson/bbb_jetson_ws/install/serial:/home/jetson/bbb_jetson_ws/install/tune_package:/home/jetson/bbb_jetson_ws/install/ros2_laser_scan_matcher:/home/jetson/bbb_jetson_ws/install/diffdrive_arduino:/home/jetson/bbb_jetson_ws/install/bbb_package:/home/jetson/bbb_jetson_ws/install/micro_ros_setup:/home/jetson/bbb_jetson_ws/install/csm:/home/jetson/bbb_jetson_ws/install/bbb_robot:/opt/ros/foxy /usr/bin/cmake --build /home/jetson/bbb_jetson_ws/build/bbb_package -- -j4 -l4
[0.141s] -- Found ament_cmake: 0.9.12 (/opt/ros/foxy/share/ament_cmake/cmake)
[0.231s] -- Using PYTHON_EXECUTABLE: /usr/bin/python3
[0.916s] -- Found rclcpp: 2.4.3 (/opt/ros/foxy/share/rclcpp/cmake)
[1.069s] -- Using all available rosidl_typesupport_c: rosidl_typesupport_fastrtps_c;rosidl_typesupport_introspection_c
[1.084s] -- Found rosidl_adapter: 1.3.1 (/opt/ros/foxy/share/rosidl_adapter/cmake)
[1.540s] -- Using all available rosidl_typesupport_cpp: rosidl_typesupport_fastrtps_cpp;rosidl_typesupport_introspection_cpp
[1.737s] -- Found rmw_implementation_cmake: 1.0.4 (/opt/ros/foxy/share/rmw_implementation_cmake/cmake)
[1.744s] -- Using RMW implementation 'rmw_fastrtps_cpp' as default
[2.288s] -- Found geometry_msgs: 2.0.5 (/opt/ros/foxy/share/geometry_msgs/cmake)
[2.413s] -- Found serial: 1.2.1 (/home/jetson/bbb_jetson_ws/install/serial/share/serial/cmake)
[2.419s] -- Found tf2_msgs: 0.13.14 (/opt/ros/foxy/share/tf2_msgs/cmake)
[3.173s] -- Found ament_lint_auto: 0.9.8 (/opt/ros/foxy/share/ament_lint_auto/cmake)
[3.450s] -- Added test 'cppcheck' to perform static code analysis on C / C++ code
[3.454s] -- Configured cppcheck include dirs: 
[3.456s] -- Configured cppcheck exclude dirs and/or files: 
[3.460s] -- Added test 'flake8' to check Python code syntax and style conventions
[3.463s] -- Added test 'lint_cmake' to check CMake code style
[3.466s] -- Added test 'pep257' to check Python code against some of the style conventions in PEP 257
[3.472s] -- Added test 'uncrustify' to check C / C++ code style
[3.472s] -- Configured uncrustify additional arguments: 
[3.476s] -- Added test 'xmllint' to check XML markup files
[3.486s] -- Configuring done
[3.764s] -- Generating done
[3.774s] -- Build files have been written to: /home/jetson/bbb_jetson_ws/build/bbb_package
[3.879s] [35m[1mScanning dependencies of target delta_angle[0m
[3.948s] [  5%] Built target data_processing_node_circle
[3.971s] [ 12%] Built target data_processing_node_trap
[3.971s] [ 15%] Built target data_processing_node_zz
[3.997s] [ 17%] [32mBuilding CXX object CMakeFiles/delta_angle.dir/src/delta_angle.cpp.o[0m
[4.166s] [ 22%] Built target controllers_node
[4.184s] [ 27%] Built target data_processing_node
[4.205s] [ 32%] Built target data_processing_node_straight
[4.331s] [ 37%] Built target read_IMU
[4.340s] [ 42%] Built target read_lidar
[4.395s] [ 47%] Built target pid_node
[4.498s] [ 52%] Built target tune_node
[4.549s] [ 57%] Built target delta_angle_node
[4.621s] [ 62%] Built target tune_fuzzy_node
[4.627s] [ 67%] Built target data_processing_node_eight
[4.701s] [ 72%] Built target fuzzy_longitudinal_controllers
[4.768s] [ 77%] Built target circumference_node
[4.795s] [ 82%] Built target lidar_tune
[4.882s] [ 87%] Built target straight_line_node
[4.906s] [ 92%] Built target stanley_node
[4.928s] [ 97%] Built target sinusoidal_node
[8.805s] [01m[K/home/jetson/bbb_jetson_ws/src/bbb_package/src/delta_angle.cpp:[m[K In constructor â€˜[01m[KFuzzyNodeTest::FuzzyNodeTest()[m[Kâ€™:
[8.805s] [01m[K/home/jetson/bbb_jetson_ws/src/bbb_package/src/delta_angle.cpp:24:11:[m[K [01;31m[Kerror: [m[Kâ€˜[01m[Ksubscription_tf_[m[Kâ€™ was not declared in this scope; did you mean â€˜[01m[Krcl_subscription_t[m[Kâ€™?
[8.805s]    24 |           [01;31m[Ksubscription_tf_[m[K = this->create_subscription<tf2_msgs::msg::TFMessage>(
[8.806s]       |           [01;31m[K^~~~~~~~~~~~~~~~[m[K
[8.806s]       |           [32m[Krcl_subscription_t[m[K
[8.807s] [01m[K/home/jetson/bbb_jetson_ws/src/bbb_package/src/delta_angle.cpp:25:29:[m[K [01;31m[Kerror: [m[Kâ€˜[01m[KDataProcessingNode[m[Kâ€™ has not been declared
[8.807s]    25 |       "/tf", 10, std::bind(&[01;31m[KDataProcessingNode[m[K::tf_callback, this, std::placeholders::_1));
[8.807s]       |                             [01;31m[K^~~~~~~~~~~~~~~~~~[m[K
[14.297s] make[2]: *** [CMakeFiles/delta_angle.dir/build.make:63: CMakeFiles/delta_angle.dir/src/delta_angle.cpp.o] Error 1
[14.299s] make[1]: *** [CMakeFiles/Makefile2:116: CMakeFiles/delta_angle.dir/all] Error 2
[14.300s] make: *** [Makefile:141: all] Error 2
[14.304s] Invoked command in '/home/jetson/bbb_jetson_ws/build/bbb_package' returned '2': CMAKE_PREFIX_PATH=/home/jetson/bbb_jetson_ws/install/serial:/home/jetson/bbb_jetson_ws/install/tune_package:/home/jetson/bbb_jetson_ws/install/ros2_laser_scan_matcher:/home/jetson/bbb_jetson_ws/install/diffdrive_arduino:/home/jetson/bbb_jetson_ws/install/bbb_package:/home/jetson/bbb_jetson_ws/install/micro_ros_setup:/home/jetson/bbb_jetson_ws/install/csm:/home/jetson/bbb_jetson_ws/install/bbb_robot:/opt/ros/foxy /usr/bin/cmake --build /home/jetson/bbb_jetson_ws/build/bbb_package -- -j4 -l4
