[01m[K/home/jetson/bbb_jetson_ws/src/bbb_package/src/data_processing_node_eight.cpp:[m[K In member function â€˜[01m[Kvoid DataProcessingNode::initializeArrays()[m[Kâ€™:
[01m[K/home/jetson/bbb_jetson_ws/src/bbb_package/src/data_processing_node_eight.cpp:57:12:[m[K [01;31m[Kerror: [m[Kâ€˜[01m[KD[m[Kâ€™ was not declared in this scope
   57 |     y[n] = [01;31m[KD[m[K*(1-std::cos(0.01*pi*n));
      |            [01;31m[K^[m[K
[01m[K/home/jetson/bbb_jetson_ws/src/bbb_package/src/data_processing_node_eight.cpp:57:31:[m[K [01;31m[Kerror: [m[Kâ€˜[01m[Kpi[m[Kâ€™ was not declared in this scope
   57 |     y[n] = D*(1-std::cos(0.01*[01;31m[Kpi[m[K*n));
      |                               [01;31m[K^~[m[K
make[2]: *** [CMakeFiles/data_processing_node_eight.dir/build.make:63: CMakeFiles/data_processing_node_eight.dir/src/data_processing_node_eight.cpp.o] Error 1
make[1]: *** [CMakeFiles/Makefile2:438: CMakeFiles/data_processing_node_eight.dir/all] Error 2
make[1]: *** Waiting for unfinished jobs....
make: *** [Makefile:141: all] Error 2
