[0.636s] Invoking command in '/home/jetson/bbb_jetson_ws/build/bbb_package': CMAKE_PREFIX_PATH=/home/jetson/bbb_jetson_ws/install/serial:/home/jetson/bbb_jetson_ws/install/ros2_laser_scan_matcher:/home/jetson/bbb_jetson_ws/install/diffdrive_arduino:/home/jetson/bbb_jetson_ws/install/bbb_package:/home/jetson/bbb_jetson_ws/install/micro_ros_setup:/home/jetson/bbb_jetson_ws/install/csm:/home/jetson/bbb_jetson_ws/install/bbb_robot:/opt/ros/foxy /usr/bin/cmake --build /home/jetson/bbb_jetson_ws/build/bbb_package -- -j4 -l4
[0.774s] [35m[1mScanning dependencies of target read_lidar[0m
[0.857s] [ 25%] Built target read_pico
[0.860s] [ 50%] Built target read_IMU
[0.884s] [ 75%] Built target read_host
[0.890s] [ 87%] [32mBuilding CXX object CMakeFiles/read_lidar.dir/src/read_lidar.cpp.o[0m
[1.210s] [01m[K/home/jetson/bbb_jetson_ws/src/bbb_package/src/read_lidar.cpp:7:10:[m[K [01;31m[Kfatal error: [m[Ktf2_msgs/msg/TFMessage.msg: No such file or directory
[1.210s]     7 | #include [01;31m[K<tf2_msgs/msg/TFMessage.msg>[m[K
[1.211s]       |          [01;31m[K^~~~~~~~~~~~~~~~~~~~~~~~~~~~[m[K
[1.211s] compilation terminated.
[1.220s] make[2]: *** [CMakeFiles/read_lidar.dir/build.make:63: CMakeFiles/read_lidar.dir/src/read_lidar.cpp.o] Error 1
[1.221s] make[1]: *** [CMakeFiles/Makefile2:111: CMakeFiles/read_lidar.dir/all] Error 2
[1.221s] make: *** [Makefile:141: all] Error 2
[1.226s] Invoked command in '/home/jetson/bbb_jetson_ws/build/bbb_package' returned '2': CMAKE_PREFIX_PATH=/home/jetson/bbb_jetson_ws/install/serial:/home/jetson/bbb_jetson_ws/install/ros2_laser_scan_matcher:/home/jetson/bbb_jetson_ws/install/diffdrive_arduino:/home/jetson/bbb_jetson_ws/install/bbb_package:/home/jetson/bbb_jetson_ws/install/micro_ros_setup:/home/jetson/bbb_jetson_ws/install/csm:/home/jetson/bbb_jetson_ws/install/bbb_robot:/opt/ros/foxy /usr/bin/cmake --build /home/jetson/bbb_jetson_ws/build/bbb_package -- -j4 -l4
