[0.983s] Invoking command in '/home/jetson/bbb_jetson_ws/build/ros2_laser_scan_matcher': CMAKE_PREFIX_PATH=/home/jetson/bbb_jetson_ws/install/csm:/home/jetson/bbb_jetson_ws/install/diffdrive_arduino:/home/jetson/bbb_jetson_ws/install/serial:/home/jetson/bbb_jetson_ws/install/ros2_laser_scan_matcher:/home/jetson/bbb_jetson_ws/install/micro_ros_setup:/home/jetson/bbb_jetson_ws/install/bbb_robot:/home/jetson/bbb_jetson_ws/install/bbb_package:/opt/ros/foxy LD_LIBRARY_PATH=/home/jetson/bbb_jetson_ws/install/csm/lib:/home/jetson/bbb_jetson_ws/install/diffdrive_arduino/lib:/home/jetson/bbb_jetson_ws/install/serial/lib:/opt/ros/foxy/opt/yaml_cpp_vendor/lib:/opt/ros/foxy/opt/rviz_ogre_vendor/lib:/opt/ros/foxy/lib/aarch64-linux-gnu:/opt/ros/foxy/lib /usr/bin/cmake --build /home/jetson/bbb_jetson_ws/build/ros2_laser_scan_matcher -- -j4 -l4
[1.196s] -- Found ament_cmake: 0.9.12 (/opt/ros/foxy/share/ament_cmake/cmake)
[1.430s] -- Using PYTHON_EXECUTABLE: /usr/bin/python3
[3.324s] -- Found sensor_msgs: 2.0.5 (/opt/ros/foxy/share/sensor_msgs/cmake)
[3.583s] -- Using all available rosidl_typesupport_c: rosidl_typesupport_fastrtps_c;rosidl_typesupport_introspection_c
[3.622s] -- Found rosidl_adapter: 1.3.1 (/opt/ros/foxy/share/rosidl_adapter/cmake)
[4.722s] -- Using all available rosidl_typesupport_cpp: rosidl_typesupport_fastrtps_cpp;rosidl_typesupport_introspection_cpp
[6.342s] -- Found rclcpp: 2.4.3 (/opt/ros/foxy/share/rclcpp/cmake)
[6.541s] -- Found rmw_implementation_cmake: 1.0.4 (/opt/ros/foxy/share/rmw_implementation_cmake/cmake)
[6.556s] -- Using RMW implementation 'rmw_fastrtps_cpp' as default
[7.353s] -- Found nav_msgs: 2.0.5 (/opt/ros/foxy/share/nav_msgs/cmake)
[7.738s] -- Found tf2_ros: 0.13.14 (/opt/ros/foxy/share/tf2_ros/cmake)
[9.582s] -- Found tf2_geometry_msgs: 0.13.14 (/opt/ros/foxy/share/tf2_geometry_msgs/cmake)
[9.618s] -- Found eigen3_cmake_module: 0.1.1 (/opt/ros/foxy/share/eigen3_cmake_module/cmake)
[9.765s] -- Found csm: 0.0.0 (/home/jetson/bbb_jetson_ws/install/csm/share/csm/cmake)
[9.792s] -- Found serial_driver: 1.0.0 (/opt/ros/foxy/share/serial_driver/cmake)
[11.578s] -- Configuring done
[11.737s] -- Generating done
[11.758s] -- Build files have been written to: /home/jetson/bbb_jetson_ws/build/ros2_laser_scan_matcher
[11.910s] [35m[1mScanning dependencies of target laser_scan_matcher[0m
[12.344s] [ 50%] [32mBuilding CXX object CMakeFiles/laser_scan_matcher.dir/src/laser_scan_matcher.cpp.o[0m
[18.229s] [01m[K/home/jetson/bbb_jetson_ws/src/ros2_laser_scan_matcher/src/laser_scan_matcher.cpp:39:10:[m[K [01;31m[Kfatal error: [m[Kserial/serial.h: No such file or directory
[18.230s]    39 | #include [01;31m[K"serial/serial.h"[m[K
[18.232s]       |          [01;31m[K^~~~~~~~~~~~~~~~~[m[K
[18.233s] compilation terminated.
[18.256s] make[2]: *** [CMakeFiles/laser_scan_matcher.dir/build.make:63: CMakeFiles/laser_scan_matcher.dir/src/laser_scan_matcher.cpp.o] Error 1
[18.258s] make[1]: *** [CMakeFiles/Makefile2:78: CMakeFiles/laser_scan_matcher.dir/all] Error 2
[18.260s] make: *** [Makefile:141: all] Error 2
[18.270s] Invoked command in '/home/jetson/bbb_jetson_ws/build/ros2_laser_scan_matcher' returned '2': CMAKE_PREFIX_PATH=/home/jetson/bbb_jetson_ws/install/csm:/home/jetson/bbb_jetson_ws/install/diffdrive_arduino:/home/jetson/bbb_jetson_ws/install/serial:/home/jetson/bbb_jetson_ws/install/ros2_laser_scan_matcher:/home/jetson/bbb_jetson_ws/install/micro_ros_setup:/home/jetson/bbb_jetson_ws/install/bbb_robot:/home/jetson/bbb_jetson_ws/install/bbb_package:/opt/ros/foxy LD_LIBRARY_PATH=/home/jetson/bbb_jetson_ws/install/csm/lib:/home/jetson/bbb_jetson_ws/install/diffdrive_arduino/lib:/home/jetson/bbb_jetson_ws/install/serial/lib:/opt/ros/foxy/opt/yaml_cpp_vendor/lib:/opt/ros/foxy/opt/rviz_ogre_vendor/lib:/opt/ros/foxy/lib/aarch64-linux-gnu:/opt/ros/foxy/lib /usr/bin/cmake --build /home/jetson/bbb_jetson_ws/build/ros2_laser_scan_matcher -- -j4 -l4
