[35m[1mScanning dependencies of target read_IMU[0m
[ 10%] Built target delta_angle_node
[ 20%] Built target pid_node
[ 30%] Built target read_lidar
[ 35%] [32mBuilding CXX object CMakeFiles/read_IMU.dir/src/read_IMU.cpp.o[0m
[ 45%] Built target tune_fuzzy_node
[ 55%] Built target tune_node
[ 65%] Built target fuzzy_longitudinal_controllers
[ 75%] Built target straight_line_node
[ 85%] Built target circumference_node
[ 95%] Built target sinusoidal_node
[01m[K/home/jetson/bbb_jetson_ws/src/bbb_package/src/read_IMU.cpp:[m[K In member function â€˜[01m[Kvoid SerialNode::timer_callback()[m[Kâ€™:
[01m[K/home/jetson/bbb_jetson_ws/src/bbb_package/src/read_IMU.cpp:93:20:[m[K [01;35m[Kwarning: [m[Kunused variable â€˜[01m[Kyaw[m[Kâ€™ [[01;35m[K-Wunused-variable[m[K]
   93 |             double [01;35m[Kyaw[m[K = std::strtod(yaw_str.c_str(), nullptr) * 0.001;
      |                    [01;35m[K^~~[m[K
[01m[K/home/jetson/bbb_jetson_ws/src/bbb_package/src/read_IMU.cpp:109:39:[m[K [01;31m[Kerror: [m[Kâ€˜[01m[Kyaw[m[Kâ€™ was not declared in this scope
  109 |                 init_yaw = init_yaw + [01;31m[Kyaw[m[K;
      |                                       [01;31m[K^~~[m[K
[01m[K/home/jetson/bbb_jetson_ws/src/bbb_package/src/read_IMU.cpp:117:17:[m[K [01;31m[Kerror: [m[Kâ€˜[01m[Kyaw[m[Kâ€™ was not declared in this scope
  117 |                 [01;31m[Kyaw[m[K = yaw - init_yaw;
      |                 [01;31m[K^~~[m[K
make[2]: *** [CMakeFiles/read_IMU.dir/build.make:63: CMakeFiles/read_IMU.dir/src/read_IMU.cpp.o] Error 1
make[1]: *** [CMakeFiles/Makefile2:96: CMakeFiles/read_IMU.dir/all] Error 2
make: *** [Makefile:141: all] Error 2
