[0.662s] Invoking command in '/home/jetson/bbb_jetson_ws/build/bbb_package': CMAKE_PREFIX_PATH=/home/jetson/bbb_jetson_ws/install/serial:/home/jetson/bbb_jetson_ws/install/ros2_laser_scan_matcher:/home/jetson/bbb_jetson_ws/install/diffdrive_arduino:/home/jetson/bbb_jetson_ws/install/bbb_package:/home/jetson/bbb_jetson_ws/install/micro_ros_setup:/home/jetson/bbb_jetson_ws/install/csm:/home/jetson/bbb_jetson_ws/install/bbb_robot:/opt/ros/foxy /usr/bin/cmake --build /home/jetson/bbb_jetson_ws/build/bbb_package -- -j4 -l4
[0.888s] [35m[1mScanning dependencies of target read_IMU[0m
[1.114s] [ 10%] Built target delta_angle_node
[1.335s] [ 20%] Built target pid_node
[1.358s] [ 30%] Built target read_lidar
[1.515s] [ 35%] [32mBuilding CXX object CMakeFiles/read_IMU.dir/src/read_IMU.cpp.o[0m
[1.701s] [ 45%] Built target tune_fuzzy_node
[1.710s] [ 55%] Built target tune_node
[1.752s] [ 65%] Built target fuzzy_longitudinal_controllers
[2.018s] [ 75%] Built target straight_line_node
[2.030s] [ 85%] Built target circumference_node
[2.053s] [ 95%] Built target sinusoidal_node
[6.456s] [01m[K/home/jetson/bbb_jetson_ws/src/bbb_package/src/read_IMU.cpp:[m[K In member function â€˜[01m[Kvoid SerialNode::timer_callback()[m[Kâ€™:
[6.457s] [01m[K/home/jetson/bbb_jetson_ws/src/bbb_package/src/read_IMU.cpp:93:20:[m[K [01;35m[Kwarning: [m[Kunused variable â€˜[01m[Kyaw[m[Kâ€™ [[01;35m[K-Wunused-variable[m[K]
[6.458s]    93 |             double [01;35m[Kyaw[m[K = std::strtod(yaw_str.c_str(), nullptr) * 0.001;
[6.459s]       |                    [01;35m[K^~~[m[K
[6.469s] [01m[K/home/jetson/bbb_jetson_ws/src/bbb_package/src/read_IMU.cpp:109:39:[m[K [01;31m[Kerror: [m[Kâ€˜[01m[Kyaw[m[Kâ€™ was not declared in this scope
[6.470s]   109 |                 init_yaw = init_yaw + [01;31m[Kyaw[m[K;
[6.470s]       |                                       [01;31m[K^~~[m[K
[6.481s] [01m[K/home/jetson/bbb_jetson_ws/src/bbb_package/src/read_IMU.cpp:117:17:[m[K [01;31m[Kerror: [m[Kâ€˜[01m[Kyaw[m[Kâ€™ was not declared in this scope
[6.482s]   117 |                 [01;31m[Kyaw[m[K = yaw - init_yaw;
[6.482s]       |                 [01;31m[K^~~[m[K
[9.618s] make[2]: *** [CMakeFiles/read_IMU.dir/build.make:63: CMakeFiles/read_IMU.dir/src/read_IMU.cpp.o] Error 1
[9.619s] make[1]: *** [CMakeFiles/Makefile2:96: CMakeFiles/read_IMU.dir/all] Error 2
[9.625s] make: *** [Makefile:141: all] Error 2
[9.634s] Invoked command in '/home/jetson/bbb_jetson_ws/build/bbb_package' returned '2': CMAKE_PREFIX_PATH=/home/jetson/bbb_jetson_ws/install/serial:/home/jetson/bbb_jetson_ws/install/ros2_laser_scan_matcher:/home/jetson/bbb_jetson_ws/install/diffdrive_arduino:/home/jetson/bbb_jetson_ws/install/bbb_package:/home/jetson/bbb_jetson_ws/install/micro_ros_setup:/home/jetson/bbb_jetson_ws/install/csm:/home/jetson/bbb_jetson_ws/install/bbb_robot:/opt/ros/foxy /usr/bin/cmake --build /home/jetson/bbb_jetson_ws/build/bbb_package -- -j4 -l4
