[35m[1mScanning dependencies of target read_IMU[0m
[ 25%] Built target read_lidar
[ 50%] Built target read_host
[ 75%] Built target read_pico
[ 87%] [32mBuilding CXX object CMakeFiles/read_IMU.dir/src/read_IMU.cpp.o[0m
[01m[K/home/jetson/bbb_jetson_ws/src/bbb_package/src/read_IMU.cpp:[m[K In constructor â€˜[01m[KSerialNode::SerialNode()[m[Kâ€™:
[01m[K/home/jetson/bbb_jetson_ws/src/bbb_package/src/read_IMU.cpp:23:17:[m[K [01;31m[Kerror: [m[Kâ€˜[01m[Ksp[m[Kâ€™ was not declared in this scope
   23 |                 [01;31m[Ksp[m[K.write(data_calib,7U);
      |                 [01;31m[K^~[m[K
make[2]: *** [CMakeFiles/read_IMU.dir/build.make:63: CMakeFiles/read_IMU.dir/src/read_IMU.cpp.o] Error 1
make[1]: *** [CMakeFiles/Makefile2:165: CMakeFiles/read_IMU.dir/all] Error 2
make: *** [Makefile:141: all] Error 2
