[0.640s] Invoking command in '/home/jetson/bbb_jetson_ws/build/bbb_package': CMAKE_PREFIX_PATH=/home/jetson/bbb_jetson_ws/install/serial:/home/jetson/bbb_jetson_ws/install/ros2_laser_scan_matcher:/home/jetson/bbb_jetson_ws/install/diffdrive_arduino:/home/jetson/bbb_jetson_ws/install/bbb_package:/home/jetson/bbb_jetson_ws/install/micro_ros_setup:/home/jetson/bbb_jetson_ws/install/csm:/home/jetson/bbb_jetson_ws/install/bbb_robot:/opt/ros/foxy /usr/bin/cmake --build /home/jetson/bbb_jetson_ws/build/bbb_package -- -j4 -l4
[0.797s] [35m[1mScanning dependencies of target read_IMU[0m
[0.863s] [ 25%] Built target read_lidar
[0.878s] [ 50%] Built target read_host
[0.908s] [ 75%] Built target read_pico
[0.923s] [ 87%] [32mBuilding CXX object CMakeFiles/read_IMU.dir/src/read_IMU.cpp.o[0m
[5.276s] [01m[K/home/jetson/bbb_jetson_ws/src/bbb_package/src/read_IMU.cpp:[m[K In constructor â€˜[01m[KSerialNode::SerialNode()[m[Kâ€™:
[5.276s] [01m[K/home/jetson/bbb_jetson_ws/src/bbb_package/src/read_IMU.cpp:23:17:[m[K [01;31m[Kerror: [m[Kâ€˜[01m[Ksp[m[Kâ€™ was not declared in this scope
[5.277s]    23 |                 [01;31m[Ksp[m[K.write(data_calib,7U);
[5.277s]       |                 [01;31m[K^~[m[K
[6.617s] make[2]: *** [CMakeFiles/read_IMU.dir/build.make:63: CMakeFiles/read_IMU.dir/src/read_IMU.cpp.o] Error 1
[6.618s] make[1]: *** [CMakeFiles/Makefile2:165: CMakeFiles/read_IMU.dir/all] Error 2
[6.619s] make: *** [Makefile:141: all] Error 2
[6.623s] Invoked command in '/home/jetson/bbb_jetson_ws/build/bbb_package' returned '2': CMAKE_PREFIX_PATH=/home/jetson/bbb_jetson_ws/install/serial:/home/jetson/bbb_jetson_ws/install/ros2_laser_scan_matcher:/home/jetson/bbb_jetson_ws/install/diffdrive_arduino:/home/jetson/bbb_jetson_ws/install/bbb_package:/home/jetson/bbb_jetson_ws/install/micro_ros_setup:/home/jetson/bbb_jetson_ws/install/csm:/home/jetson/bbb_jetson_ws/install/bbb_robot:/opt/ros/foxy /usr/bin/cmake --build /home/jetson/bbb_jetson_ws/build/bbb_package -- -j4 -l4
