-- Found ament_cmake: 0.9.12 (/opt/ros/foxy/share/ament_cmake/cmake)
-- Using PYTHON_EXECUTABLE: /usr/bin/python3
-- Override CMake install command with custom implementation using symlinks instead of copying resources
-- Found rclcpp: 2.4.3 (/opt/ros/foxy/share/rclcpp/cmake)
-- Using all available rosidl_typesupport_c: rosidl_typesupport_fastrtps_c;rosidl_typesupport_introspection_c
-- Found rosidl_adapter: 1.3.1 (/opt/ros/foxy/share/rosidl_adapter/cmake)
-- Using all available rosidl_typesupport_cpp: rosidl_typesupport_fastrtps_cpp;rosidl_typesupport_introspection_cpp
-- Found rmw_implementation_cmake: 1.0.4 (/opt/ros/foxy/share/rmw_implementation_cmake/cmake)
-- Using RMW implementation 'rmw_fastrtps_cpp' as default
-- Found geometry_msgs: 2.0.5 (/opt/ros/foxy/share/geometry_msgs/cmake)
-- Found serial: 1.2.1 (/home/jetson/bbb_jetson_ws/install/serial/share/serial/cmake)
-- Found tf2_msgs: 0.13.14 (/opt/ros/foxy/share/tf2_msgs/cmake)
-- Found ament_lint_auto: 0.9.8 (/opt/ros/foxy/share/ament_lint_auto/cmake)
-- Added test 'cppcheck' to perform static code analysis on C / C++ code
-- Configured cppcheck include dirs: 
-- Configured cppcheck exclude dirs and/or files: 
-- Added test 'flake8' to check Python code syntax and style conventions
-- Added test 'lint_cmake' to check CMake code style
-- Added test 'pep257' to check Python code against some of the style conventions in PEP 257
-- Added test 'uncrustify' to check C / C++ code style
-- Configured uncrustify additional arguments: 
-- Added test 'xmllint' to check XML markup files
-- Configuring done
-- Generating done
-- Build files have been written to: /home/jetson/bbb_jetson_ws/build/bbb_package
[35m[1mScanning dependencies of target read_lidar[0m
[ 25%] Built target read_pico
[ 50%] Built target read_IMU
[ 75%] Built target read_host
[ 87%] [32mBuilding CXX object CMakeFiles/read_lidar.dir/src/read_lidar.cpp.o[0m
[01m[K/home/jetson/bbb_jetson_ws/src/bbb_package/src/read_lidar.cpp:7:10:[m[K [01;31m[Kfatal error: [m[Ktf2_msgs/msg/TFMessage: No such file or directory
    7 | #include [01;31m[K<tf2_msgs/msg/TFMessage>[m[K
      |          [01;31m[K^~~~~~~~~~~~~~~~~~~~~~~~[m[K
compilation terminated.
make[2]: *** [CMakeFiles/read_lidar.dir/build.make:63: CMakeFiles/read_lidar.dir/src/read_lidar.cpp.o] Error 1
make[1]: *** [CMakeFiles/Makefile2:111: CMakeFiles/read_lidar.dir/all] Error 2
make: *** [Makefile:141: all] Error 2
