[0.629s] Invoking command in '/home/jetson/bbb_jetson_ws/build/bbb_package': CMAKE_PREFIX_PATH=/home/jetson/bbb_jetson_ws/install/serial:/home/jetson/bbb_jetson_ws/install/ros2_laser_scan_matcher:/home/jetson/bbb_jetson_ws/install/diffdrive_arduino:/home/jetson/bbb_jetson_ws/install/bbb_package:/home/jetson/bbb_jetson_ws/install/micro_ros_setup:/home/jetson/bbb_jetson_ws/install/csm:/home/jetson/bbb_jetson_ws/install/bbb_robot:/opt/ros/foxy /usr/bin/cmake --build /home/jetson/bbb_jetson_ws/build/bbb_package -- -j4 -l4
[0.721s] -- Found ament_cmake: 0.9.12 (/opt/ros/foxy/share/ament_cmake/cmake)
[0.800s] -- Using PYTHON_EXECUTABLE: /usr/bin/python3
[1.442s] -- Override CMake install command with custom implementation using symlinks instead of copying resources
[1.493s] -- Found rclcpp: 2.4.3 (/opt/ros/foxy/share/rclcpp/cmake)
[1.641s] -- Using all available rosidl_typesupport_c: rosidl_typesupport_fastrtps_c;rosidl_typesupport_introspection_c
[1.657s] -- Found rosidl_adapter: 1.3.1 (/opt/ros/foxy/share/rosidl_adapter/cmake)
[2.141s] -- Using all available rosidl_typesupport_cpp: rosidl_typesupport_fastrtps_cpp;rosidl_typesupport_introspection_cpp
[2.340s] -- Found rmw_implementation_cmake: 1.0.4 (/opt/ros/foxy/share/rmw_implementation_cmake/cmake)
[2.348s] -- Using RMW implementation 'rmw_fastrtps_cpp' as default
[2.895s] -- Found geometry_msgs: 2.0.5 (/opt/ros/foxy/share/geometry_msgs/cmake)
[3.020s] -- Found serial: 1.2.1 (/home/jetson/bbb_jetson_ws/install/serial/share/serial/cmake)
[3.036s] -- Found tf2_msgs: 0.13.14 (/opt/ros/foxy/share/tf2_msgs/cmake)
[3.741s] -- Found ament_lint_auto: 0.9.8 (/opt/ros/foxy/share/ament_lint_auto/cmake)
[4.066s] -- Added test 'cppcheck' to perform static code analysis on C / C++ code
[4.067s] -- Configured cppcheck include dirs: 
[4.067s] -- Configured cppcheck exclude dirs and/or files: 
[4.069s] -- Added test 'flake8' to check Python code syntax and style conventions
[4.071s] -- Added test 'lint_cmake' to check CMake code style
[4.072s] -- Added test 'pep257' to check Python code against some of the style conventions in PEP 257
[4.076s] -- Added test 'uncrustify' to check C / C++ code style
[4.076s] -- Configured uncrustify additional arguments: 
[4.078s] -- Added test 'xmllint' to check XML markup files
[4.091s] -- Configuring done
[4.169s] -- Generating done
[4.175s] -- Build files have been written to: /home/jetson/bbb_jetson_ws/build/bbb_package
[4.254s] [35m[1mScanning dependencies of target read_lidar[0m
[4.339s] [ 25%] Built target read_pico
[4.340s] [ 50%] Built target read_IMU
[4.355s] [ 75%] Built target read_host
[4.514s] [ 87%] [32mBuilding CXX object CMakeFiles/read_lidar.dir/src/read_lidar.cpp.o[0m
[5.341s] [01m[K/home/jetson/bbb_jetson_ws/src/bbb_package/src/read_lidar.cpp:7:10:[m[K [01;31m[Kfatal error: [m[Ktf2_msgs/msg/TFMessage: No such file or directory
[5.342s]     7 | #include [01;31m[K<tf2_msgs/msg/TFMessage>[m[K
[5.342s]       |          [01;31m[K^~~~~~~~~~~~~~~~~~~~~~~~[m[K
[5.343s] compilation terminated.
[5.348s] make[2]: *** [CMakeFiles/read_lidar.dir/build.make:63: CMakeFiles/read_lidar.dir/src/read_lidar.cpp.o] Error 1
[5.348s] make[1]: *** [CMakeFiles/Makefile2:111: CMakeFiles/read_lidar.dir/all] Error 2
[5.349s] make: *** [Makefile:141: all] Error 2
[5.354s] Invoked command in '/home/jetson/bbb_jetson_ws/build/bbb_package' returned '2': CMAKE_PREFIX_PATH=/home/jetson/bbb_jetson_ws/install/serial:/home/jetson/bbb_jetson_ws/install/ros2_laser_scan_matcher:/home/jetson/bbb_jetson_ws/install/diffdrive_arduino:/home/jetson/bbb_jetson_ws/install/bbb_package:/home/jetson/bbb_jetson_ws/install/micro_ros_setup:/home/jetson/bbb_jetson_ws/install/csm:/home/jetson/bbb_jetson_ws/install/bbb_robot:/opt/ros/foxy /usr/bin/cmake --build /home/jetson/bbb_jetson_ws/build/bbb_package -- -j4 -l4
