[0.155s] Invoking command in '/home/jetson/bbb_jetson_ws/build/bbb_package': CMAKE_PREFIX_PATH=/home/jetson/bbb_jetson_ws/install/serial:/home/jetson/bbb_jetson_ws/install/tune_package:/home/jetson/bbb_jetson_ws/install/ros2_laser_scan_matcher:/home/jetson/bbb_jetson_ws/install/diffdrive_arduino:/home/jetson/bbb_jetson_ws/install/bbb_package:/home/jetson/bbb_jetson_ws/install/micro_ros_setup:/home/jetson/bbb_jetson_ws/install/csm:/home/jetson/bbb_jetson_ws/install/bbb_robot:/opt/ros/foxy /usr/bin/cmake --build /home/jetson/bbb_jetson_ws/build/bbb_package -- -j4 -l4
[1.052s] [  3%] [32mBuilding CXX object CMakeFiles/data_processing_node_straight.dir/src/data_processing_node_straight.cpp.o[0m
[1.085s] [ 10%] Built target data_processing_node_zz
[1.358s] [ 16%] Built target data_processing_node
[1.445s] [ 23%] Built target controllers_node
[1.760s] [ 30%] Built target read_IMU
[1.969s] [ 36%] Built target read_lidar
[2.254s] [ 43%] Built target pid_node
[2.515s] [ 50%] Built target delta_angle_node
[2.670s] [ 56%] Built target tune_node
[2.818s] [ 63%] Built target tune_fuzzy_node
[3.190s] [ 70%] Built target fuzzy_longitudinal_controllers
[3.455s] [ 76%] Built target straight_line_node
[3.501s] [ 83%] Built target circumference_node
[3.724s] [ 90%] Built target stanley_node
[3.890s] [ 96%] Built target sinusoidal_node
[17.075s] [01m[K/home/jetson/bbb_jetson_ws/src/bbb_package/src/data_processing_node_straight.cpp:[m[K In member function â€˜[01m[Kvoid DataProcessingNode::initializeArrays()[m[Kâ€™:
[17.077s] [01m[K/home/jetson/bbb_jetson_ws/src/bbb_package/src/data_processing_node_straight.cpp:188:17:[m[K [01;31m[Kerror: [m[Kâ€˜[01m[Ktan2[m[Kâ€™ is not a member of â€˜[01m[Kstd[m[Kâ€™; did you mean â€˜[01m[Ktanh[m[Kâ€™?
[17.079s]   188 | #define A (std::[01;31m[Ktan2[m[K(135*M_PI / 180))
[17.080s]       |                 [01;31m[K^~~~[m[K
[17.081s] [01m[K/home/jetson/bbb_jetson_ws/src/bbb_package/src/data_processing_node_straight.cpp:221:27:[m[K [01;36m[Knote: [m[Kin expansion of macro â€˜[01m[KA[m[Kâ€™
[17.083s]   221 |     theta[0] = std::atan2([01;36m[KA[m[K, 1);
[17.084s]       |                           [01;36m[K^[m[K
[17.085s] [01m[K/home/jetson/bbb_jetson_ws/src/bbb_package/src/data_processing_node_straight.cpp:188:17:[m[K [01;31m[Kerror: [m[Kâ€˜[01m[Ktan2[m[Kâ€™ is not a member of â€˜[01m[Kstd[m[Kâ€™; did you mean â€˜[01m[Ktanh[m[Kâ€™?
[17.086s]   188 | #define A (std::[01;31m[Ktan2[m[K(135*M_PI / 180))
[17.087s]       |                 [01;31m[K^~~~[m[K
[17.088s] [01m[K/home/jetson/bbb_jetson_ws/src/bbb_package/src/data_processing_node_straight.cpp:225:14:[m[K [01;36m[Knote: [m[Kin expansion of macro â€˜[01m[KA[m[Kâ€™
[17.090s]   225 |       y[i] = [01;36m[KA[m[K * x[i] + B;
[17.091s]       |              [01;36m[K^[m[K
[17.092s] [01m[K/home/jetson/bbb_jetson_ws/src/bbb_package/src/data_processing_node_straight.cpp:188:17:[m[K [01;31m[Kerror: [m[Kâ€˜[01m[Ktan2[m[Kâ€™ is not a member of â€˜[01m[Kstd[m[Kâ€™; did you mean â€˜[01m[Ktanh[m[Kâ€™?
[17.093s]   188 | #define A (std::[01;31m[Ktan2[m[K(135*M_PI / 180))
[17.094s]       |                 [01;31m[K^~~~[m[K
[17.095s] [01m[K/home/jetson/bbb_jetson_ws/src/bbb_package/src/data_processing_node_straight.cpp:226:29:[m[K [01;36m[Knote: [m[Kin expansion of macro â€˜[01m[KA[m[Kâ€™
[17.096s]   226 |       theta[i] = std::atan2([01;36m[KA[m[K, 1);
[17.097s]       |                             [01;36m[K^[m[K
[40.780s] make[2]: *** [CMakeFiles/data_processing_node_straight.dir/build.make:63: CMakeFiles/data_processing_node_straight.dir/src/data_processing_node_straight.cpp.o] Error 1
[40.783s] make[1]: *** [CMakeFiles/Makefile2:133: CMakeFiles/data_processing_node_straight.dir/all] Error 2
[40.784s] make: *** [Makefile:141: all] Error 2
[40.800s] Invoked command in '/home/jetson/bbb_jetson_ws/build/bbb_package' returned '2': CMAKE_PREFIX_PATH=/home/jetson/bbb_jetson_ws/install/serial:/home/jetson/bbb_jetson_ws/install/tune_package:/home/jetson/bbb_jetson_ws/install/ros2_laser_scan_matcher:/home/jetson/bbb_jetson_ws/install/diffdrive_arduino:/home/jetson/bbb_jetson_ws/install/bbb_package:/home/jetson/bbb_jetson_ws/install/micro_ros_setup:/home/jetson/bbb_jetson_ws/install/csm:/home/jetson/bbb_jetson_ws/install/bbb_robot:/opt/ros/foxy /usr/bin/cmake --build /home/jetson/bbb_jetson_ws/build/bbb_package -- -j4 -l4
