[01m[K/home/jetson/bbb_jetson_ws/src/bbb_package/src/tune_node.cpp:[m[K In member function â€˜[01m[Kvoid TuneNode::fuzzy_callback(std_msgs::msg::Float64MultiArray_<std::allocator<void> >::SharedPtr)[m[Kâ€™:
[01m[K/home/jetson/bbb_jetson_ws/src/bbb_package/src/tune_node.cpp:22:17:[m[K [01;31m[Kerror: [m[Kâ€˜[01m[Klog_file_pwm_[m[Kâ€™ was not declared in this scope; did you mean â€˜[01m[Klog_file_fuzzy_[m[Kâ€™?
   22 |                 [01;31m[Klog_file_pwm_[m[K << data << " ";
      |                 [01;31m[K^~~~~~~~~~~~~[m[K
      |                 [32m[Klog_file_fuzzy_[m[K
[01m[K/home/jetson/bbb_jetson_ws/src/bbb_package/src/tune_node.cpp:24:13:[m[K [01;31m[Kerror: [m[Kâ€˜[01m[Klog_file_pwm_[m[Kâ€™ was not declared in this scope; did you mean â€˜[01m[Klog_file_fuzzy_[m[Kâ€™?
   24 |             [01;31m[Klog_file_pwm_[m[K << std::endl;
      |             [01;31m[K^~~~~~~~~~~~~[m[K
      |             [32m[Klog_file_fuzzy_[m[K
make[2]: *** [CMakeFiles/tune_node.dir/build.make:63: CMakeFiles/tune_node.dir/src/tune_node.cpp.o] Error 1
make[1]: *** [CMakeFiles/Makefile2:204: CMakeFiles/tune_node.dir/all] Error 2
make[1]: *** Waiting for unfinished jobs....
make: *** [Makefile:141: all] Error 2
