[35m[1mScanning dependencies of target delta_angle_node[0m
[ 10%] Built target read_lidar
[ 20%] Built target read_IMU
[ 30%] Built target pid_node
[35m[1mScanning dependencies of target tune_node[0m
[ 35%] [32mBuilding CXX object CMakeFiles/delta_angle_node.dir/src/delta_angle_node.cpp.o[0m
[ 45%] Built target tune_fuzzy_node
[ 50%] [32mBuilding CXX object CMakeFiles/tune_node.dir/src/tune_node.cpp.o[0m
[ 60%] Built target fuzzy_longitudinal_controllers
[ 70%] Built target straight_line_node
[ 80%] Built target circumference_node
[ 90%] Built target sinusoidal_node
[01m[K/home/jetson/bbb_jetson_ws/src/bbb_package/src/tune_node.cpp:[m[K In member function â€˜[01m[Kvoid TuneNode::fuzzy_callback(std_msgs::msg::Float64MultiArray_<std::allocator<void> >::SharedPtr)[m[Kâ€™:
[01m[K/home/jetson/bbb_jetson_ws/src/bbb_package/src/tune_node.cpp:22:17:[m[K [01;31m[Kerror: [m[Kâ€˜[01m[Klog_file_pwm_[m[Kâ€™ was not declared in this scope; did you mean â€˜[01m[Klog_file_fuzzy_[m[Kâ€™?
   22 |                 [01;31m[Klog_file_pwm_[m[K << data << " ";
      |                 [01;31m[K^~~~~~~~~~~~~[m[K
      |                 [32m[Klog_file_fuzzy_[m[K
[01m[K/home/jetson/bbb_jetson_ws/src/bbb_package/src/tune_node.cpp:24:13:[m[K [01;31m[Kerror: [m[Kâ€˜[01m[Klog_file_pwm_[m[Kâ€™ was not declared in this scope; did you mean â€˜[01m[Klog_file_fuzzy_[m[Kâ€™?
   24 |             [01;31m[Klog_file_pwm_[m[K << std::endl;
      |             [01;31m[K^~~~~~~~~~~~~[m[K
      |             [32m[Klog_file_fuzzy_[m[K
make[2]: *** [CMakeFiles/tune_node.dir/build.make:63: CMakeFiles/tune_node.dir/src/tune_node.cpp.o] Error 1
make[1]: *** [CMakeFiles/Makefile2:204: CMakeFiles/tune_node.dir/all] Error 2
make[1]: *** Waiting for unfinished jobs....
[ 95%] [32m[1mLinking CXX executable delta_angle_node[0m
[ 95%] Built target delta_angle_node
make: *** [Makefile:141: all] Error 2
