[0.566s] Invoking command in '/home/jetson/bbb_jetson_ws/build/bbb_package': AMENT_PREFIX_PATH=/home/jetson/bbb_jetson_ws/install/serial:${AMENT_PREFIX_PATH} CMAKE_PREFIX_PATH=/home/jetson/bbb_jetson_ws/install/serial:/opt/ros/foxy LD_LIBRARY_PATH=/home/jetson/bbb_jetson_ws/install/serial/lib:${LD_LIBRARY_PATH} /usr/bin/cmake --build /home/jetson/bbb_jetson_ws/build/bbb_package -- -j4 -l4
[0.992s] [35m[1mScanning dependencies of target delta_angle_node[0m
[1.275s] [ 10%] Built target read_lidar
[1.289s] [ 20%] Built target read_IMU
[1.374s] [ 30%] Built target pid_node
[1.519s] [35m[1mScanning dependencies of target tune_node[0m
[1.548s] [ 35%] [32mBuilding CXX object CMakeFiles/delta_angle_node.dir/src/delta_angle_node.cpp.o[0m
[1.737s] [ 45%] Built target tune_fuzzy_node
[2.055s] [ 50%] [32mBuilding CXX object CMakeFiles/tune_node.dir/src/tune_node.cpp.o[0m
[2.112s] [ 60%] Built target fuzzy_longitudinal_controllers
[2.481s] [ 70%] Built target straight_line_node
[2.888s] [ 80%] Built target circumference_node
[2.950s] [ 90%] Built target sinusoidal_node
[10.813s] [01m[K/home/jetson/bbb_jetson_ws/src/bbb_package/src/tune_node.cpp:[m[K In member function â€˜[01m[Kvoid TuneNode::fuzzy_callback(std_msgs::msg::Float64MultiArray_<std::allocator<void> >::SharedPtr)[m[Kâ€™:
[10.814s] [01m[K/home/jetson/bbb_jetson_ws/src/bbb_package/src/tune_node.cpp:22:17:[m[K [01;31m[Kerror: [m[Kâ€˜[01m[Klog_file_pwm_[m[Kâ€™ was not declared in this scope; did you mean â€˜[01m[Klog_file_fuzzy_[m[Kâ€™?
[10.815s]    22 |                 [01;31m[Klog_file_pwm_[m[K << data << " ";
[10.816s]       |                 [01;31m[K^~~~~~~~~~~~~[m[K
[10.817s]       |                 [32m[Klog_file_fuzzy_[m[K
[10.833s] [01m[K/home/jetson/bbb_jetson_ws/src/bbb_package/src/tune_node.cpp:24:13:[m[K [01;31m[Kerror: [m[Kâ€˜[01m[Klog_file_pwm_[m[Kâ€™ was not declared in this scope; did you mean â€˜[01m[Klog_file_fuzzy_[m[Kâ€™?
[10.834s]    24 |             [01;31m[Klog_file_pwm_[m[K << std::endl;
[10.837s]       |             [01;31m[K^~~~~~~~~~~~~[m[K
[10.838s]       |             [32m[Klog_file_fuzzy_[m[K
[19.092s] make[2]: *** [CMakeFiles/tune_node.dir/build.make:63: CMakeFiles/tune_node.dir/src/tune_node.cpp.o] Error 1
[19.093s] make[1]: *** [CMakeFiles/Makefile2:204: CMakeFiles/tune_node.dir/all] Error 2
[19.094s] make[1]: *** Waiting for unfinished jobs....
[20.187s] [ 95%] [32m[1mLinking CXX executable delta_angle_node[0m
[20.944s] [ 95%] Built target delta_angle_node
[20.952s] make: *** [Makefile:141: all] Error 2
[20.959s] Invoked command in '/home/jetson/bbb_jetson_ws/build/bbb_package' returned '2': AMENT_PREFIX_PATH=/home/jetson/bbb_jetson_ws/install/serial:${AMENT_PREFIX_PATH} CMAKE_PREFIX_PATH=/home/jetson/bbb_jetson_ws/install/serial:/opt/ros/foxy LD_LIBRARY_PATH=/home/jetson/bbb_jetson_ws/install/serial/lib:${LD_LIBRARY_PATH} /usr/bin/cmake --build /home/jetson/bbb_jetson_ws/build/bbb_package -- -j4 -l4
