[35m[1mScanning dependencies of target data_processing_node_straight[0m
[  7%] Built target read_IMU
[ 14%] Built target data_processing_node
[ 17%] [32mBuilding CXX object CMakeFiles/data_processing_node_straight.dir/src/data_processing_node_straight.cpp.o[0m
[ 25%] Built target controllers_node
[ 32%] Built target pid_node
[ 39%] Built target read_lidar
[ 46%] Built target delta_angle_node
[ 53%] Built target tune_node
[ 60%] Built target tune_fuzzy_node
[ 67%] Built target fuzzy_longitudinal_controllers
[ 75%] Built target circumference_node
[ 82%] Built target straight_line_node
[ 89%] Built target sinusoidal_node
[ 96%] Built target stanley_node
[01m[K/home/jetson/bbb_jetson_ws/src/bbb_package/src/data_processing_node_straight.cpp:[m[K In member function â€˜[01m[Kvoid DataProcessingNode::tf_callback(tf2_msgs::msg::TFMessage_<std::allocator<void> >::SharedPtr)[m[Kâ€™:
[01m[K/home/jetson/bbb_jetson_ws/src/bbb_package/src/data_processing_node_straight.cpp:129:38:[m[K [01;31m[Kerror: [m[Kâ€˜[01m[Kangle_IMU[m[Kâ€™ was not declared in this scope; did you mean â€˜[01m[KangleIMU[m[Kâ€™?
  129 |         else if (theta[int(index)] - [01;31m[Kangle_IMU[m[K >M_PI)
      |                                      [01;31m[K^~~~~~~~~[m[K
      |                                      [32m[KangleIMU[m[K
make[2]: *** [CMakeFiles/data_processing_node_straight.dir/build.make:63: CMakeFiles/data_processing_node_straight.dir/src/data_processing_node_straight.cpp.o] Error 1
make[1]: *** [CMakeFiles/Makefile2:104: CMakeFiles/data_processing_node_straight.dir/all] Error 2
make: *** [Makefile:141: all] Error 2
