[35m[1mScanning dependencies of target data_processing_node_circle[0m
[  6%] Built target data_processing_node_zz
[  9%] [32mBuilding CXX object CMakeFiles/data_processing_node_circle.dir/src/data_processing_node_circle.cpp.o[0m
[ 15%] Built target data_processing_node_straight
[ 21%] Built target data_processing_node
[ 28%] Built target controllers_node
[ 34%] Built target read_lidar
[ 40%] Built target read_IMU
[ 46%] Built target pid_node
[ 53%] Built target tune_node
[ 59%] Built target tune_fuzzy_node
[ 65%] Built target delta_angle_node
[ 71%] Built target circumference_node
[ 78%] Built target fuzzy_longitudinal_controllers
[ 84%] Built target straight_line_node
[ 90%] Built target sinusoidal_node
[ 96%] Built target stanley_node
[01m[K/home/jetson/bbb_jetson_ws/src/bbb_package/src/data_processing_node_circle.cpp:[m[K In member function â€˜[01m[Kvoid DataProcessingNode::timer_callback()[m[Kâ€™:
[01m[K/home/jetson/bbb_jetson_ws/src/bbb_package/src/data_processing_node_circle.cpp:77:85:[m[K [01;31m[Kerror: [m[Kâ€˜[01m[Kactuaxl_position[m[Kâ€™ was not declared in this scope; did you mean â€˜[01m[Kactual_position[m[Kâ€™?
   77 |     d_min = std::sqrt(std::pow((actual_position[0] - x[int(index)]), 2) + std::pow(([01;31m[Kactuaxl_position[m[K[1] - y[int(index)]), 2));
      |                                                                                     [01;31m[K^~~~~~~~~~~~~~~~[m[K
      |                                                                                     [32m[Kactual_position[m[K
[01m[K/home/jetson/bbb_jetson_ws/src/bbb_package/src/data_processing_node_circle.cpp:78:17:[m[K [01;31m[Kerror: [m[Kexpected primary-expression before â€˜[01m[K=[m[Kâ€™ token
   78 |     if (index > [01;31m[K=[m[K int(COUNTER)-1) index =0;
      |                 [01;31m[K^[m[K
make[2]: *** [CMakeFiles/data_processing_node_circle.dir/build.make:63: CMakeFiles/data_processing_node_circle.dir/src/data_processing_node_circle.cpp.o] Error 1
make[1]: *** [CMakeFiles/Makefile2:108: CMakeFiles/data_processing_node_circle.dir/all] Error 2
make: *** [Makefile:141: all] Error 2
