[0.619s] Invoking command in '/home/jetson/bbb_jetson_ws/build/bbb_package': CMAKE_PREFIX_PATH=/home/jetson/bbb_jetson_ws/install/serial:/home/jetson/bbb_jetson_ws/install/ros2_laser_scan_matcher:/home/jetson/bbb_jetson_ws/install/diffdrive_arduino:/home/jetson/bbb_jetson_ws/install/bbb_package:/home/jetson/bbb_jetson_ws/install/micro_ros_setup:/home/jetson/bbb_jetson_ws/install/csm:/home/jetson/bbb_jetson_ws/install/bbb_robot:/opt/ros/foxy /usr/bin/cmake --build /home/jetson/bbb_jetson_ws/build/bbb_package -- -j4 -l4
[0.757s] [35m[1mScanning dependencies of target read_lidar[0m
[0.853s] [ 25%] Built target read_IMU
[0.855s] [ 50%] Built target read_pico
[0.877s] [ 75%] Built target read_host
[0.880s] [ 87%] [32mBuilding CXX object CMakeFiles/read_lidar.dir/src/read_lidar.cpp.o[0m
[5.238s] [01m[K/home/jetson/bbb_jetson_ws/src/bbb_package/src/read_lidar.cpp:21:6:[m[K [01;31m[Kerror: [m[Kextra qualification â€˜[01m[KMinimalSubscriber::[m[Kâ€™ on member â€˜[01m[Ktopic_callback[m[Kâ€™ [[01;31m[K-fpermissive[m[K]
[5.238s]    21 | void [01;31m[KMinimalSubscriber[m[K::topic_callback(const tf2_msgs::msg::TFMessage::SharedPtr msg) const {
[5.238s]       |      [01;31m[K^~~~~~~~~~~~~~~~~[m[K
[10.247s] make[2]: *** [CMakeFiles/read_lidar.dir/build.make:63: CMakeFiles/read_lidar.dir/src/read_lidar.cpp.o] Error 1
[10.248s] make[1]: *** [CMakeFiles/Makefile2:111: CMakeFiles/read_lidar.dir/all] Error 2
[10.249s] make: *** [Makefile:141: all] Error 2
[10.255s] Invoked command in '/home/jetson/bbb_jetson_ws/build/bbb_package' returned '2': CMAKE_PREFIX_PATH=/home/jetson/bbb_jetson_ws/install/serial:/home/jetson/bbb_jetson_ws/install/ros2_laser_scan_matcher:/home/jetson/bbb_jetson_ws/install/diffdrive_arduino:/home/jetson/bbb_jetson_ws/install/bbb_package:/home/jetson/bbb_jetson_ws/install/micro_ros_setup:/home/jetson/bbb_jetson_ws/install/csm:/home/jetson/bbb_jetson_ws/install/bbb_robot:/opt/ros/foxy /usr/bin/cmake --build /home/jetson/bbb_jetson_ws/build/bbb_package -- -j4 -l4
